#
# There is insufficient memory for the Java Runtime Environment to continue.
# Native memory allocation (malloc) failed to allocate 1442576 bytes for Chunk::new
# Possible reasons:
#   The system is out of physical RAM or swap space
#   The process is running with CompressedOops enabled, and the Java Heap may be blocking the growth of the native heap
# Possible solutions:
#   Reduce memory load on the system
#   Increase physical memory or swap space
#   Check if swap backing store is full
#   Decrease Java heap size (-Xmx/-Xms)
#   Decrease number of Java threads
#   Decrease Java thread stack sizes (-Xss)
#   Set larger code cache with -XX:ReservedCodeCacheSize=
#   JVM is running with Unscaled Compressed Oops mode in which the Java heap is
#     placed in the first 4GB address space. The Java Heap base address is the
#     maximum limit for the native heap growth. Please use -XX:HeapBaseMinAddress
#     to set the Java Heap base and to place the Java Heap above 4GB virtual address.
# This output file may be truncated or incomplete.
#
#  Out of Memory Error (arena.cpp:189), pid=1924, tid=20872
#
# JRE version: OpenJDK Runtime Environment (17.0.6) (build 17.0.6+0-b2043.56-10027231)
# Java VM: OpenJDK 64-Bit Server VM (17.0.6+0-b2043.56-10027231, mixed mode, tiered, compressed oops, compressed class ptrs, g1 gc, windows-amd64)
# No core dump will be written. Minidumps are not enabled by default on client versions of Windows
#

---------------  S U M M A R Y ------------

Command Line: --add-opens=java.base/java.util.concurrent.atomic=ALL-UNNAMED --add-opens=java.base/java.util=ALL-UNNAMED --add-opens=java.base/java.lang=ALL-UNNAMED --add-opens=java.base/java.lang.invoke=ALL-UNNAMED --add-opens=java.prefs/java.util.prefs=ALL-UNNAMED --add-opens=java.base/java.nio.charset=ALL-UNNAMED --add-opens=java.base/java.net=ALL-UNNAMED --add-opens=java.base/java.util.concurrent.atomic=ALL-UNNAMED -Xmx2048m -Dfile.encoding=UTF-8 -Duser.country=US -Duser.language=en -Duser.variant org.gradle.launcher.daemon.bootstrap.GradleDaemon 8.0

Host: Intel(R) Core(TM) i7-10750H CPU @ 2.60GHz, 12 cores, 15G,  Windows 11 , 64 bit Build 22621 (10.0.22621.2506)
Time: Mon Jan  8 12:01:33 2024 SE Asia Standard Time elapsed time: 7.706980 seconds (0d 0h 0m 7s)

---------------  T H R E A D  ---------------

Current thread (0x000001db3bc8b520):  JavaThread "C2 CompilerThread0" daemon [_thread_in_native, id=20872, stack(0x0000000937a00000,0x0000000937b00000)]


Current CompileTask:
C2:   7707 9164   !   4       java.net.URLClassLoader$1::run (81 bytes)

Stack: [0x0000000937a00000,0x0000000937b00000]
Native frames: (J=compiled Java code, j=interpreted, Vv=VM code, C=native code)
V  [jvm.dll+0x683c9a]
V  [jvm.dll+0x8427a4]
V  [jvm.dll+0x843f9e]
V  [jvm.dll+0x844603]
V  [jvm.dll+0x249b75]
V  [jvm.dll+0xabcac]
V  [jvm.dll+0xac27c]
V  [jvm.dll+0x368802]
V  [jvm.dll+0x1bced2]
V  [jvm.dll+0x21c359]
V  [jvm.dll+0x21b621]
V  [jvm.dll+0x1a4fdd]
V  [jvm.dll+0x22b098]
V  [jvm.dll+0x229159]
V  [jvm.dll+0x7f81ec]
V  [jvm.dll+0x7f274a]
V  [jvm.dll+0x682ad5]
C  [ucrtbase.dll+0x29363]
C  [KERNEL32.DLL+0x1257d]
C  [ntdll.dll+0x5aa58]


---------------  P R O C E S S  ---------------

Threads class SMR info:
_java_thread_list=0x000001db43e106f0, length=171, elements={
0x000001db20f497e0, 0x000001db3bc5c020, 0x000001db3bc5cda0, 0x000001db3bc480b0,
0x000001db3bc48ad0, 0x000001db3bc49480, 0x000001db3bc8a840, 0x000001db3bc8b520,
0x000001db3bc8bfc0, 0x000001db3bc8cfc0, 0x000001db3be15d80, 0x000001db3be16650,
0x000001db3bff7600, 0x000001db3e0c9af0, 0x000001db3ebf5010, 0x000001db3e1d2650,
0x000001db3d2355e0, 0x000001db3d236920, 0x000001db3d238130, 0x000001db3d236df0,
0x000001db3d2372c0, 0x000001db3d237c60, 0x000001db3d237790, 0x000001db3d235ab0,
0x000001db3d238600, 0x000001db3d235110, 0x000001db3f8be5a0, 0x000001db3d238ad0,
0x000001db3d235f80, 0x000001db3d236450, 0x000001db3f2cda20, 0x000001db3f2c7040,
0x000001db3f2cdef0, 0x000001db3f2c7eb0, 0x000001db3f2cd080, 0x000001db3f2c66a0,
0x000001db3f2caed0, 0x000001db3f2c79e0, 0x000001db3f2c8380, 0x000001db3f2c96c0,
0x000001db3f2c91f0, 0x000001db3f2c8d20, 0x000001db3f2cb3a0, 0x000001db3f2cbd40,
0x000001db3f2cb870, 0x000001db3f2cc210, 0x000001db3f2c7510, 0x000001db3f2caa00,
0x000001db3f2c8850, 0x000001db3f2c6b70, 0x000001db3f2ccbb0, 0x000001db4371ad60,
0x000001db43719080, 0x000001db4371ca40, 0x000001db4371a3c0, 0x000001db4371c570,
0x000001db4371a890, 0x000001db4371b700, 0x000001db4371bbd0, 0x000001db4371c0a0,
0x000001db43719550, 0x000001db43719a20, 0x000001db43719ef0, 0x000001db4371b230,
0x000001db43d33d60, 0x000001db43d2f530, 0x000001db43d333c0, 0x000001db43d33890,
0x000001db43d31bb0, 0x000001db43d34bd0, 0x000001db43d2fa00, 0x000001db43d2fed0,
0x000001db43d31210, 0x000001db43d32a20, 0x000001db43d35570, 0x000001db43d32ef0,
0x000001db43d32080, 0x000001db43d34230, 0x000001db43d2f060, 0x000001db43d316e0,
0x000001db43d35f10, 0x000001db43d363e0, 0x000001db43d303a0, 0x000001db43d35a40,
0x000001db43d34700, 0x000001db43d32550, 0x000001db43d350a0, 0x000001db43d30870,
0x000001db43d368b0, 0x000001db43d30d40, 0x000001db412de180, 0x000001db412ddcb0,
0x000001db412df4c0, 0x000001db412e2010, 0x000001db412dd310, 0x000001db412deff0,
0x000001db412dd7e0, 0x000001db412e0330, 0x000001db412e0cd0, 0x000001db412df990,
0x000001db412e11a0, 0x000001db412e3350, 0x000001db412e2e80, 0x000001db412dc970,
0x000001db412e3820, 0x000001db412e1670, 0x000001db412de650, 0x000001db412dc4a0,
0x000001db412e29b0, 0x000001db412dfe60, 0x000001db412deb20, 0x000001db412e0800,
0x000001db412e1b40, 0x000001db412e3cf0, 0x000001db412dce40, 0x000001db412e24e0,
0x000001db3e9f8970, 0x000001db3e9faff0, 0x000001db3e9fa650, 0x000001db3e9f5950,
0x000001db3e9f4fb0, 0x000001db3e9f62f0, 0x000001db3e9fab20, 0x000001db3e9f5480,
0x000001db3e9f4ae0, 0x000001db3e9f84a0, 0x000001db3e9f4610, 0x000001db3e9f37a0,
0x000001db3e9f7160, 0x000001db3e9f8e40, 0x000001db3e9f5e20, 0x000001db3e9f67c0,
0x000001db3e9f6c90, 0x000001db3e9f9310, 0x000001db3e9f7630, 0x000001db3e9f97e0,
0x000001db3e9f9cb0, 0x000001db3e9fa180, 0x000001db3e9f7b00, 0x000001db3e9f7fd0,
0x000001db3e9f3c70, 0x000001db3e9f4140, 0x000001db3ee79950, 0x000001db3ee7ce40,
0x000001db3ee7a2f0, 0x000001db3ee7a7c0, 0x000001db3ee7d310, 0x000001db3ee7b160,
0x000001db3ee7c4a0, 0x000001db3ee79480, 0x000001db3ee7c970, 0x000001db3ee7ac90,
0x000001db3ee80800, 0x000001db3ee7eff0, 0x000001db3ee79e20, 0x000001db3ee7d7e0,
0x000001db3ee80330, 0x000001db3ee7f990, 0x000001db3ee7e650, 0x000001db3ee7dcb0,
0x000001db3ee7b630, 0x000001db3ee7bb00, 0x000001db3ee7bfd0, 0x000001db3ee7e180,
0x000001db3ee7eb20, 0x000001db3ee7fe60, 0x000001db3ee7f4c0, 0x000001db3ee78fb0,
0x000001db3c115580, 0x000001db3c117c00, 0x000001db3c115a50
}

Java Threads: ( => current thread )
  0x000001db20f497e0 JavaThread "main" [_thread_blocked, id=13836, stack(0x0000000936d00000,0x0000000936e00000)]
  0x000001db3bc5c020 JavaThread "Reference Handler" daemon [_thread_blocked, id=22400, stack(0x0000000937400000,0x0000000937500000)]
  0x000001db3bc5cda0 JavaThread "Finalizer" daemon [_thread_blocked, id=21304, stack(0x0000000937500000,0x0000000937600000)]
  0x000001db3bc480b0 JavaThread "Signal Dispatcher" daemon [_thread_blocked, id=2124, stack(0x0000000937600000,0x0000000937700000)]
  0x000001db3bc48ad0 JavaThread "Attach Listener" daemon [_thread_blocked, id=20076, stack(0x0000000937700000,0x0000000937800000)]
  0x000001db3bc49480 JavaThread "Service Thread" daemon [_thread_blocked, id=21912, stack(0x0000000937800000,0x0000000937900000)]
  0x000001db3bc8a840 JavaThread "Monitor Deflation Thread" daemon [_thread_blocked, id=10228, stack(0x0000000937900000,0x0000000937a00000)]
=>0x000001db3bc8b520 JavaThread "C2 CompilerThread0" daemon [_thread_in_native, id=20872, stack(0x0000000937a00000,0x0000000937b00000)]
  0x000001db3bc8bfc0 JavaThread "C1 CompilerThread0" daemon [_thread_in_native, id=21972, stack(0x0000000937b00000,0x0000000937c00000)]
  0x000001db3bc8cfc0 JavaThread "Sweeper thread" daemon [_thread_blocked, id=3520, stack(0x0000000937c00000,0x0000000937d00000)]
  0x000001db3be15d80 JavaThread "Common-Cleaner" daemon [_thread_blocked, id=23452, stack(0x0000000937d00000,0x0000000937e00000)]
  0x000001db3be16650 JavaThread "Notification Thread" daemon [_thread_blocked, id=3840, stack(0x0000000937e00000,0x0000000937f00000)]
  0x000001db3bff7600 JavaThread "C2 CompilerThread1" daemon [_thread_in_native, id=22596, stack(0x0000000938000000,0x0000000938100000)]
  0x000001db3e0c9af0 JavaThread "Daemon health stats" [_thread_blocked, id=13720, stack(0x0000000938700000,0x0000000938800000)]
  0x000001db3ebf5010 JavaThread "Incoming local TCP Connector on port 62886" [_thread_in_native, id=10488, stack(0x0000000938100000,0x0000000938200000)]
  0x000001db3e1d2650 JavaThread "Daemon periodic checks" [_thread_blocked, id=24032, stack(0x0000000938800000,0x0000000938900000)]
  0x000001db3d2355e0 JavaThread "Daemon" [_thread_blocked, id=1584, stack(0x0000000938900000,0x0000000938a00000)]
  0x000001db3d236920 JavaThread "Handler for socket connection from /127.0.0.1:62886 to /127.0.0.1:62887" [_thread_in_native, id=22988, stack(0x0000000938a00000,0x0000000938b00000)]
  0x000001db3d238130 JavaThread "Cancel handler" [_thread_blocked, id=10700, stack(0x0000000938b00000,0x0000000938c00000)]
  0x000001db3d236df0 JavaThread "Daemon worker" [_thread_in_vm, id=7624, stack(0x0000000938c00000,0x0000000938d00000)]
  0x000001db3d2372c0 JavaThread "Asynchronous log dispatcher for DefaultDaemonConnection: socket connection from /127.0.0.1:62886 to /127.0.0.1:62887" [_thread_blocked, id=22796, stack(0x0000000938d00000,0x0000000938e00000)]
  0x000001db3d237c60 JavaThread "Stdin handler" [_thread_blocked, id=23088, stack(0x0000000938e00000,0x0000000938f00000)]
  0x000001db3d237790 JavaThread "Daemon client event forwarder" [_thread_blocked, id=20208, stack(0x0000000938f00000,0x0000000939000000)]
  0x000001db3d235ab0 JavaThread "Cache worker for journal cache (C:\Users\ROG G512\.gradle\caches\journal-1)" [_thread_blocked, id=8348, stack(0x0000000939600000,0x0000000939700000)]
  0x000001db3d238600 JavaThread "File lock request listener" [_thread_in_native, id=4872, stack(0x0000000939700000,0x0000000939800000)]
  0x000001db3d235110 JavaThread "Cache worker for file hash cache (C:\Users\ROG G512\.gradle\caches\8.0\fileHashes)" [_thread_blocked, id=9696, stack(0x0000000939800000,0x0000000939900000)]
  0x000001db3f8be5a0 JavaThread "C2 CompilerThread2" daemon [_thread_in_native, id=13716, stack(0x0000000939900000,0x0000000939a00000)]
  0x000001db3d238ad0 JavaThread "File watcher server" daemon [_thread_in_native, id=22836, stack(0x0000000939a00000,0x0000000939b00000)]
  0x000001db3d235f80 JavaThread "File watcher consumer" daemon [_thread_blocked, id=1784, stack(0x0000000939b00000,0x0000000939c00000)]
  0x000001db3d236450 JavaThread "jar transforms" [_thread_blocked, id=23584, stack(0x0000000939c00000,0x0000000939d00000)]
  0x000001db3f2cda20 JavaThread "jar transforms Thread 2" [_thread_blocked, id=13980, stack(0x0000000939d00000,0x0000000939e00000)]
  0x000001db3f2c7040 JavaThread "jar transforms Thread 3" [_thread_blocked, id=17168, stack(0x0000000939e00000,0x0000000939f00000)]
  0x000001db3f2cdef0 JavaThread "jar transforms Thread 4" [_thread_blocked, id=5772, stack(0x0000000939f00000,0x000000093a000000)]
  0x000001db3f2c7eb0 JavaThread "jar transforms Thread 5" [_thread_blocked, id=2004, stack(0x000000093a000000,0x000000093a100000)]
  0x000001db3f2cd080 JavaThread "jar transforms Thread 6" [_thread_blocked, id=22776, stack(0x000000093a100000,0x000000093a200000)]
  0x000001db3f2c66a0 JavaThread "jar transforms Thread 7" [_thread_blocked, id=15588, stack(0x000000093a200000,0x000000093a300000)]
  0x000001db3f2caed0 JavaThread "jar transforms Thread 8" [_thread_blocked, id=21648, stack(0x000000093a300000,0x000000093a400000)]
  0x000001db3f2c79e0 JavaThread "jar transforms Thread 9" [_thread_blocked, id=21276, stack(0x000000093a400000,0x000000093a500000)]
  0x000001db3f2c8380 JavaThread "jar transforms Thread 10" [_thread_blocked, id=23380, stack(0x000000093a500000,0x000000093a600000)]
  0x000001db3f2c96c0 JavaThread "Cache worker for checksums cache (D:\Kuliah\Semester_5\PAM\RentalMobil\.gradle\8.0\checksums)" [_thread_blocked, id=12712, stack(0x000000093a600000,0x000000093a700000)]
  0x000001db3f2c91f0 JavaThread "Cache worker for cache directory md-rule (C:\Users\ROG G512\.gradle\caches\8.0\md-rule)" [_thread_blocked, id=8692, stack(0x000000093a700000,0x000000093a800000)]
  0x000001db3f2c8d20 JavaThread "Cache worker for file content cache (C:\Users\ROG G512\.gradle\caches\8.0\fileContent)" [_thread_blocked, id=24484, stack(0x000000093a800000,0x000000093a900000)]
  0x000001db3f2cb3a0 JavaThread "Cache worker for file hash cache (D:\Kuliah\Semester_5\PAM\RentalMobil\.gradle\8.0\fileHashes)" [_thread_blocked, id=11400, stack(0x000000093a900000,0x000000093aa00000)]
  0x000001db3f2cbd40 JavaThread "Cache worker for cache directory md-supplier (C:\Users\ROG G512\.gradle\caches\8.0\md-supplier)" [_thread_blocked, id=19616, stack(0x000000093aa00000,0x000000093ab00000)]
  0x000001db3f2cb870 JavaThread "Cache worker for execution history cache (C:\Users\ROG G512\.gradle\caches\8.0\executionHistory)" [_thread_blocked, id=13188, stack(0x000000093ab00000,0x000000093ac00000)]
  0x000001db3f2cc210 JavaThread "jar transforms Thread 11" [_thread_blocked, id=19900, stack(0x000000093ac00000,0x000000093ad00000)]
  0x000001db3f2c7510 JavaThread "jar transforms Thread 12" [_thread_blocked, id=3508, stack(0x000000093ad00000,0x000000093ae00000)]
  0x000001db3f2caa00 JavaThread "Cache worker for kotlin-dsl (C:\Users\ROG G512\.gradle\caches\8.0\kotlin-dsl)" [_thread_blocked, id=19684, stack(0x000000093ae00000,0x000000093af00000)]
  0x000001db3f2c8850 JavaThread "Cache worker for dependencies-accessors (D:\Kuliah\Semester_5\PAM\RentalMobil\.gradle\8.0\dependencies-accessors)" [_thread_blocked, id=1180, stack(0x000000093af00000,0x000000093b000000)]
  0x000001db3f2c6b70 JavaThread "Cache worker for Build Output Cleanup Cache (D:\Kuliah\Semester_5\PAM\RentalMobil\.gradle\buildOutputCleanup)" [_thread_blocked, id=19408, stack(0x000000093b000000,0x000000093b100000)]
  0x000001db3f2ccbb0 JavaThread "Unconstrained build operations" [_thread_blocked, id=1020, stack(0x000000093b100000,0x000000093b200000)]
  0x000001db4371ad60 JavaThread "Unconstrained build operations Thread 2" [_thread_blocked, id=14616, stack(0x000000093b200000,0x000000093b300000)]
  0x000001db43719080 JavaThread "Unconstrained build operations Thread 3" [_thread_blocked, id=11308, stack(0x000000093b300000,0x000000093b400000)]
  0x000001db4371ca40 JavaThread "Unconstrained build operations Thread 4" [_thread_blocked, id=6212, stack(0x000000093b400000,0x000000093b500000)]
  0x000001db4371a3c0 JavaThread "Unconstrained build operations Thread 5" [_thread_blocked, id=22868, stack(0x000000093b500000,0x000000093b600000)]
  0x000001db4371c570 JavaThread "Unconstrained build operations Thread 6" [_thread_blocked, id=22992, stack(0x000000093b600000,0x000000093b700000)]
  0x000001db4371a890 JavaThread "Unconstrained build operations Thread 7" [_thread_blocked, id=14024, stack(0x000000093b700000,0x000000093b800000)]
  0x000001db4371b700 JavaThread "Unconstrained build operations Thread 8" [_thread_blocked, id=7524, stack(0x000000093b800000,0x000000093b900000)]
  0x000001db4371bbd0 JavaThread "Unconstrained build operations Thread 9" [_thread_blocked, id=10772, stack(0x000000093b900000,0x000000093ba00000)]
  0x000001db4371c0a0 JavaThread "Unconstrained build operations Thread 10" [_thread_blocked, id=19280, stack(0x000000093ba00000,0x000000093bb00000)]
  0x000001db43719550 JavaThread "Unconstrained build operations Thread 11" [_thread_blocked, id=3216, stack(0x000000093bb00000,0x000000093bc00000)]
  0x000001db43719a20 JavaThread "Unconstrained build operations Thread 12" [_thread_blocked, id=13852, stack(0x000000093bc00000,0x000000093bd00000)]
  0x000001db43719ef0 JavaThread "Unconstrained build operations Thread 13" [_thread_blocked, id=12576, stack(0x000000093bd00000,0x000000093be00000)]
  0x000001db4371b230 JavaThread "Unconstrained build operations Thread 14" [_thread_blocked, id=6120, stack(0x000000093be00000,0x000000093bf00000)]
  0x000001db43d33d60 JavaThread "Unconstrained build operations Thread 15" [_thread_blocked, id=21916, stack(0x000000093bf00000,0x000000093c000000)]
  0x000001db43d2f530 JavaThread "Unconstrained build operations Thread 16" [_thread_blocked, id=24480, stack(0x000000093c000000,0x000000093c100000)]
  0x000001db43d333c0 JavaThread "Unconstrained build operations Thread 17" [_thread_blocked, id=13812, stack(0x000000093c100000,0x000000093c200000)]
  0x000001db43d33890 JavaThread "Unconstrained build operations Thread 18" [_thread_blocked, id=8332, stack(0x000000093c200000,0x000000093c300000)]
  0x000001db43d31bb0 JavaThread "Unconstrained build operations Thread 19" [_thread_blocked, id=21772, stack(0x000000093c300000,0x000000093c400000)]
  0x000001db43d34bd0 JavaThread "Unconstrained build operations Thread 20" [_thread_blocked, id=16520, stack(0x000000093c400000,0x000000093c500000)]
  0x000001db43d2fa00 JavaThread "Unconstrained build operations Thread 21" [_thread_blocked, id=2864, stack(0x000000093c500000,0x000000093c600000)]
  0x000001db43d2fed0 JavaThread "Unconstrained build operations Thread 22" [_thread_blocked, id=5564, stack(0x000000093c600000,0x000000093c700000)]
  0x000001db43d31210 JavaThread "Unconstrained build operations Thread 23" [_thread_blocked, id=10408, stack(0x000000093c700000,0x000000093c800000)]
  0x000001db43d32a20 JavaThread "Unconstrained build operations Thread 24" [_thread_blocked, id=19324, stack(0x000000093c800000,0x000000093c900000)]
  0x000001db43d35570 JavaThread "Unconstrained build operations Thread 25" [_thread_blocked, id=3760, stack(0x000000093c900000,0x000000093ca00000)]
  0x000001db43d32ef0 JavaThread "Unconstrained build operations Thread 26" [_thread_blocked, id=12184, stack(0x000000093ca00000,0x000000093cb00000)]
  0x000001db43d32080 JavaThread "Unconstrained build operations Thread 27" [_thread_blocked, id=12296, stack(0x000000093cb00000,0x000000093cc00000)]
  0x000001db43d34230 JavaThread "Unconstrained build operations Thread 28" [_thread_blocked, id=4336, stack(0x000000093cc00000,0x000000093cd00000)]
  0x000001db43d2f060 JavaThread "Unconstrained build operations Thread 29" [_thread_blocked, id=18916, stack(0x000000093cd00000,0x000000093ce00000)]
  0x000001db43d316e0 JavaThread "Unconstrained build operations Thread 30" [_thread_blocked, id=15212, stack(0x000000093ce00000,0x000000093cf00000)]
  0x000001db43d35f10 JavaThread "Unconstrained build operations Thread 31" [_thread_blocked, id=22088, stack(0x000000093cf00000,0x000000093d000000)]
  0x000001db43d363e0 JavaThread "Unconstrained build operations Thread 32" [_thread_blocked, id=15032, stack(0x000000093d000000,0x000000093d100000)]
  0x000001db43d303a0 JavaThread "Unconstrained build operations Thread 33" [_thread_blocked, id=4624, stack(0x000000093d100000,0x000000093d200000)]
  0x000001db43d35a40 JavaThread "Unconstrained build operations Thread 34" [_thread_blocked, id=3184, stack(0x000000093d200000,0x000000093d300000)]
  0x000001db43d34700 JavaThread "Unconstrained build operations Thread 35" [_thread_blocked, id=7912, stack(0x000000093d300000,0x000000093d400000)]
  0x000001db43d32550 JavaThread "Unconstrained build operations Thread 36" [_thread_blocked, id=12808, stack(0x000000093d400000,0x000000093d500000)]
  0x000001db43d350a0 JavaThread "Unconstrained build operations Thread 37" [_thread_blocked, id=2584, stack(0x000000093d500000,0x000000093d600000)]
  0x000001db43d30870 JavaThread "Unconstrained build operations Thread 38" [_thread_blocked, id=23984, stack(0x000000093d600000,0x000000093d700000)]
  0x000001db43d368b0 JavaThread "Unconstrained build operations Thread 39" [_thread_blocked, id=2916, stack(0x000000093d700000,0x000000093d800000)]
  0x000001db43d30d40 JavaThread "Unconstrained build operations Thread 40" [_thread_blocked, id=20640, stack(0x000000093d800000,0x000000093d900000)]
  0x000001db412de180 JavaThread "Unconstrained build operations Thread 41" [_thread_blocked, id=18776, stack(0x000000093d900000,0x000000093da00000)]
  0x000001db412ddcb0 JavaThread "Unconstrained build operations Thread 42" [_thread_blocked, id=14300, stack(0x000000093da00000,0x000000093db00000)]
  0x000001db412df4c0 JavaThread "Unconstrained build operations Thread 43" [_thread_blocked, id=18336, stack(0x000000093db00000,0x000000093dc00000)]
  0x000001db412e2010 JavaThread "Unconstrained build operations Thread 44" [_thread_blocked, id=10380, stack(0x000000093dc00000,0x000000093dd00000)]
  0x000001db412dd310 JavaThread "Unconstrained build operations Thread 45" [_thread_blocked, id=22980, stack(0x000000093dd00000,0x000000093de00000)]
  0x000001db412deff0 JavaThread "Unconstrained build operations Thread 46" [_thread_blocked, id=22972, stack(0x000000093de00000,0x000000093df00000)]
  0x000001db412dd7e0 JavaThread "Unconstrained build operations Thread 47" [_thread_blocked, id=10724, stack(0x000000093df00000,0x000000093e000000)]
  0x000001db412e0330 JavaThread "Unconstrained build operations Thread 48" [_thread_blocked, id=17396, stack(0x000000093e000000,0x000000093e100000)]
  0x000001db412e0cd0 JavaThread "Unconstrained build operations Thread 49" [_thread_blocked, id=19004, stack(0x000000093e100000,0x000000093e200000)]
  0x000001db412df990 JavaThread "Unconstrained build operations Thread 50" [_thread_blocked, id=24104, stack(0x000000093e200000,0x000000093e300000)]
  0x000001db412e11a0 JavaThread "Unconstrained build operations Thread 51" [_thread_blocked, id=7000, stack(0x000000093e300000,0x000000093e400000)]
  0x000001db412e3350 JavaThread "Unconstrained build operations Thread 52" [_thread_blocked, id=19488, stack(0x000000093e400000,0x000000093e500000)]
  0x000001db412e2e80 JavaThread "Unconstrained build operations Thread 53" [_thread_blocked, id=12624, stack(0x000000093e500000,0x000000093e600000)]
  0x000001db412dc970 JavaThread "Unconstrained build operations Thread 54" [_thread_blocked, id=3104, stack(0x000000093e600000,0x000000093e700000)]
  0x000001db412e3820 JavaThread "Unconstrained build operations Thread 55" [_thread_blocked, id=4464, stack(0x000000093e700000,0x000000093e800000)]
  0x000001db412e1670 JavaThread "Unconstrained build operations Thread 56" [_thread_blocked, id=2464, stack(0x000000093e800000,0x000000093e900000)]
  0x000001db412de650 JavaThread "Unconstrained build operations Thread 57" [_thread_blocked, id=14772, stack(0x000000093e900000,0x000000093ea00000)]
  0x000001db412dc4a0 JavaThread "Unconstrained build operations Thread 58" [_thread_blocked, id=2476, stack(0x000000093ea00000,0x000000093eb00000)]
  0x000001db412e29b0 JavaThread "Unconstrained build operations Thread 59" [_thread_blocked, id=17864, stack(0x000000093eb00000,0x000000093ec00000)]
  0x000001db412dfe60 JavaThread "Unconstrained build operations Thread 60" [_thread_blocked, id=2356, stack(0x000000093ec00000,0x000000093ed00000)]
  0x000001db412deb20 JavaThread "Unconstrained build operations Thread 61" [_thread_blocked, id=1388, stack(0x000000093ed00000,0x000000093ee00000)]
  0x000001db412e0800 JavaThread "Unconstrained build operations Thread 62" [_thread_blocked, id=13652, stack(0x000000093ee00000,0x000000093ef00000)]
  0x000001db412e1b40 JavaThread "Unconstrained build operations Thread 63" [_thread_blocked, id=23576, stack(0x000000093ef00000,0x000000093f000000)]
  0x000001db412e3cf0 JavaThread "Unconstrained build operations Thread 64" [_thread_blocked, id=20804, stack(0x000000093f000000,0x000000093f100000)]
  0x000001db412dce40 JavaThread "Unconstrained build operations Thread 65" [_thread_blocked, id=9724, stack(0x000000093f100000,0x000000093f200000)]
  0x000001db412e24e0 JavaThread "Unconstrained build operations Thread 66" [_thread_blocked, id=21524, stack(0x000000093f200000,0x000000093f300000)]
  0x000001db3e9f8970 JavaThread "Unconstrained build operations Thread 67" [_thread_blocked, id=16304, stack(0x000000093f300000,0x000000093f400000)]
  0x000001db3e9faff0 JavaThread "Unconstrained build operations Thread 68" [_thread_blocked, id=19628, stack(0x000000093f400000,0x000000093f500000)]
  0x000001db3e9fa650 JavaThread "Unconstrained build operations Thread 69" [_thread_blocked, id=22564, stack(0x000000093f500000,0x000000093f600000)]
  0x000001db3e9f5950 JavaThread "Unconstrained build operations Thread 70" [_thread_blocked, id=15540, stack(0x000000093f600000,0x000000093f700000)]
  0x000001db3e9f4fb0 JavaThread "Unconstrained build operations Thread 71" [_thread_blocked, id=20788, stack(0x000000093f700000,0x000000093f800000)]
  0x000001db3e9f62f0 JavaThread "Unconstrained build operations Thread 72" [_thread_blocked, id=10156, stack(0x000000093f800000,0x000000093f900000)]
  0x000001db3e9fab20 JavaThread "Unconstrained build operations Thread 73" [_thread_blocked, id=11440, stack(0x000000093f900000,0x000000093fa00000)]
  0x000001db3e9f5480 JavaThread "Unconstrained build operations Thread 74" [_thread_blocked, id=11732, stack(0x000000093fa00000,0x000000093fb00000)]
  0x000001db3e9f4ae0 JavaThread "Unconstrained build operations Thread 75" [_thread_blocked, id=20464, stack(0x000000093fb00000,0x000000093fc00000)]
  0x000001db3e9f84a0 JavaThread "Unconstrained build operations Thread 76" [_thread_blocked, id=24364, stack(0x000000093fc00000,0x000000093fd00000)]
  0x000001db3e9f4610 JavaThread "Unconstrained build operations Thread 77" [_thread_blocked, id=13616, stack(0x000000093fd00000,0x000000093fe00000)]
  0x000001db3e9f37a0 JavaThread "Unconstrained build operations Thread 78" [_thread_blocked, id=15468, stack(0x000000093fe00000,0x000000093ff00000)]
  0x000001db3e9f7160 JavaThread "Unconstrained build operations Thread 79" [_thread_blocked, id=5228, stack(0x000000093ff00000,0x0000000940000000)]
  0x000001db3e9f8e40 JavaThread "Unconstrained build operations Thread 80" [_thread_blocked, id=23268, stack(0x0000000940000000,0x0000000940100000)]
  0x000001db3e9f5e20 JavaThread "Unconstrained build operations Thread 81" [_thread_blocked, id=2656, stack(0x0000000940100000,0x0000000940200000)]
  0x000001db3e9f67c0 JavaThread "Unconstrained build operations Thread 82" [_thread_blocked, id=15856, stack(0x0000000940200000,0x0000000940300000)]
  0x000001db3e9f6c90 JavaThread "Unconstrained build operations Thread 83" [_thread_blocked, id=21932, stack(0x0000000940300000,0x0000000940400000)]
  0x000001db3e9f9310 JavaThread "Unconstrained build operations Thread 84" [_thread_blocked, id=16452, stack(0x0000000940400000,0x0000000940500000)]
  0x000001db3e9f7630 JavaThread "Unconstrained build operations Thread 85" [_thread_blocked, id=24264, stack(0x0000000940500000,0x0000000940600000)]
  0x000001db3e9f97e0 JavaThread "Unconstrained build operations Thread 86" [_thread_blocked, id=11424, stack(0x0000000940600000,0x0000000940700000)]
  0x000001db3e9f9cb0 JavaThread "Unconstrained build operations Thread 87" [_thread_blocked, id=18620, stack(0x0000000940700000,0x0000000940800000)]
  0x000001db3e9fa180 JavaThread "Unconstrained build operations Thread 88" [_thread_blocked, id=15712, stack(0x0000000940800000,0x0000000940900000)]
  0x000001db3e9f7b00 JavaThread "Unconstrained build operations Thread 89" [_thread_blocked, id=24204, stack(0x0000000940900000,0x0000000940a00000)]
  0x000001db3e9f7fd0 JavaThread "Unconstrained build operations Thread 90" [_thread_blocked, id=22784, stack(0x0000000940a00000,0x0000000940b00000)]
  0x000001db3e9f3c70 JavaThread "Unconstrained build operations Thread 91" [_thread_blocked, id=12064, stack(0x0000000940b00000,0x0000000940c00000)]
  0x000001db3e9f4140 JavaThread "Unconstrained build operations Thread 92" [_thread_blocked, id=12724, stack(0x0000000940c00000,0x0000000940d00000)]
  0x000001db3ee79950 JavaThread "Unconstrained build operations Thread 93" [_thread_blocked, id=18808, stack(0x0000000940d00000,0x0000000940e00000)]
  0x000001db3ee7ce40 JavaThread "Unconstrained build operations Thread 94" [_thread_blocked, id=18104, stack(0x0000000940e00000,0x0000000940f00000)]
  0x000001db3ee7a2f0 JavaThread "Unconstrained build operations Thread 95" [_thread_blocked, id=3412, stack(0x0000000940f00000,0x0000000941000000)]
  0x000001db3ee7a7c0 JavaThread "Unconstrained build operations Thread 96" [_thread_blocked, id=18304, stack(0x0000000941000000,0x0000000941100000)]
  0x000001db3ee7d310 JavaThread "Unconstrained build operations Thread 97" [_thread_blocked, id=22180, stack(0x0000000941100000,0x0000000941200000)]
  0x000001db3ee7b160 JavaThread "Unconstrained build operations Thread 98" [_thread_blocked, id=17428, stack(0x0000000941200000,0x0000000941300000)]
  0x000001db3ee7c4a0 JavaThread "Unconstrained build operations Thread 99" [_thread_blocked, id=3952, stack(0x0000000941300000,0x0000000941400000)]
  0x000001db3ee79480 JavaThread "Unconstrained build operations Thread 100" [_thread_blocked, id=8964, stack(0x0000000941400000,0x0000000941500000)]
  0x000001db3ee7c970 JavaThread "Unconstrained build operations Thread 101" [_thread_blocked, id=23276, stack(0x0000000941500000,0x0000000941600000)]
  0x000001db3ee7ac90 JavaThread "Unconstrained build operations Thread 102" [_thread_blocked, id=24172, stack(0x0000000941600000,0x0000000941700000)]
  0x000001db3ee80800 JavaThread "Unconstrained build operations Thread 103" [_thread_blocked, id=6616, stack(0x0000000941700000,0x0000000941800000)]
  0x000001db3ee7eff0 JavaThread "Unconstrained build operations Thread 104" [_thread_blocked, id=2808, stack(0x0000000941800000,0x0000000941900000)]
  0x000001db3ee79e20 JavaThread "Unconstrained build operations Thread 105" [_thread_blocked, id=11184, stack(0x0000000941900000,0x0000000941a00000)]
  0x000001db3ee7d7e0 JavaThread "Unconstrained build operations Thread 106" [_thread_blocked, id=8212, stack(0x0000000941a00000,0x0000000941b00000)]
  0x000001db3ee80330 JavaThread "Unconstrained build operations Thread 107" [_thread_blocked, id=21512, stack(0x0000000941b00000,0x0000000941c00000)]
  0x000001db3ee7f990 JavaThread "Unconstrained build operations Thread 108" [_thread_blocked, id=17792, stack(0x0000000941c00000,0x0000000941d00000)]
  0x000001db3ee7e650 JavaThread "Unconstrained build operations Thread 109" [_thread_blocked, id=1856, stack(0x0000000941d00000,0x0000000941e00000)]
  0x000001db3ee7dcb0 JavaThread "Unconstrained build operations Thread 110" [_thread_blocked, id=18740, stack(0x0000000941e00000,0x0000000941f00000)]
  0x000001db3ee7b630 JavaThread "Unconstrained build operations Thread 111" [_thread_blocked, id=13624, stack(0x0000000941f00000,0x0000000942000000)]
  0x000001db3ee7bb00 JavaThread "Unconstrained build operations Thread 112" [_thread_blocked, id=16120, stack(0x0000000942000000,0x0000000942100000)]
  0x000001db3ee7bfd0 JavaThread "Unconstrained build operations Thread 113" [_thread_blocked, id=8560, stack(0x0000000942100000,0x0000000942200000)]
  0x000001db3ee7e180 JavaThread "Unconstrained build operations Thread 114" [_thread_blocked, id=21724, stack(0x0000000942200000,0x0000000942300000)]
  0x000001db3ee7eb20 JavaThread "Unconstrained build operations Thread 115" [_thread_blocked, id=11312, stack(0x0000000942300000,0x0000000942400000)]
  0x000001db3ee7fe60 JavaThread "Unconstrained build operations Thread 116" [_thread_blocked, id=17328, stack(0x0000000942400000,0x0000000942500000)]
  0x000001db3ee7f4c0 JavaThread "Unconstrained build operations Thread 117" [_thread_blocked, id=13380, stack(0x0000000942500000,0x0000000942600000)]
  0x000001db3ee78fb0 JavaThread "Unconstrained build operations Thread 118" [_thread_blocked, id=17772, stack(0x0000000942600000,0x0000000942700000)]
  0x000001db3c115580 JavaThread "Unconstrained build operations Thread 119" [_thread_blocked, id=6012, stack(0x0000000942700000,0x0000000942800000)]
  0x000001db3c117c00 JavaThread "Unconstrained build operations Thread 120" [_thread_blocked, id=19376, stack(0x0000000942800000,0x0000000942900000)]
  0x000001db3c115a50 JavaThread "Memory manager" [_thread_blocked, id=24520, stack(0x0000000942900000,0x0000000942a00000)]

Other Threads:
  0x000001db3b1fec90 VMThread "VM Thread" [stack: 0x0000000937300000,0x0000000937400000] [id=4920]
  0x000001db3be0f640 WatcherThread [stack: 0x0000000937f00000,0x0000000938000000] [id=2324]
  0x000001db20fa3e20 GCTaskThread "GC Thread#0" [stack: 0x0000000936e00000,0x0000000936f00000] [id=10716]
  0x000001db3c2878e0 GCTaskThread "GC Thread#1" [stack: 0x0000000938200000,0x0000000938300000] [id=22268]
  0x000001db3c287b90 GCTaskThread "GC Thread#2" [stack: 0x0000000938300000,0x0000000938400000] [id=3152]
  0x000001db3c10d210 GCTaskThread "GC Thread#3" [stack: 0x0000000938400000,0x0000000938500000] [id=15764]
  0x000001db3c287e40 GCTaskThread "GC Thread#4" [stack: 0x0000000938500000,0x0000000938600000] [id=20496]
  0x000001db3c2880f0 GCTaskThread "GC Thread#5" [stack: 0x0000000938600000,0x0000000938700000] [id=23820]
  0x000001db3e8ced10 GCTaskThread "GC Thread#6" [stack: 0x0000000939000000,0x0000000939100000] [id=2100]
  0x000001db3e643ab0 GCTaskThread "GC Thread#7" [stack: 0x0000000939100000,0x0000000939200000] [id=22128]
  0x000001db3e873660 GCTaskThread "GC Thread#8" [stack: 0x0000000939200000,0x0000000939300000] [id=15252]
  0x000001db3ce8d6b0 GCTaskThread "GC Thread#9" [stack: 0x0000000939300000,0x0000000939400000] [id=7040]
  0x000001db20fb5d70 ConcurrentGCThread "G1 Main Marker" [stack: 0x0000000936f00000,0x0000000937000000] [id=12836]
  0x000001db20fb6780 ConcurrentGCThread "G1 Conc#0" [stack: 0x0000000937000000,0x0000000937100000] [id=9376]
  0x000001db3d1ed890 ConcurrentGCThread "G1 Conc#1" [stack: 0x0000000939400000,0x0000000939500000] [id=21860]
  0x000001db3d1ed5e0 ConcurrentGCThread "G1 Conc#2" [stack: 0x0000000939500000,0x0000000939600000] [id=2688]
  0x000001db2100dc60 ConcurrentGCThread "G1 Refine#0" [stack: 0x0000000937100000,0x0000000937200000] [id=6576]
  0x000001db3cbcb480 ConcurrentGCThread "G1 Refine#1" [stack: 0x0000000942a00000,0x0000000942b00000] [id=18372]
  0x000001db3cbca900 ConcurrentGCThread "G1 Refine#2" [stack: 0x0000000942b00000,0x0000000942c00000] [id=11136]
  0x000001db2100e680 ConcurrentGCThread "G1 Service" [stack: 0x0000000937200000,0x0000000937300000] [id=144]

Threads with active compile tasks:
C2 CompilerThread0     7728 9164   !   4       java.net.URLClassLoader$1::run (81 bytes)
C2 CompilerThread1     7728 9162       4       java.net.URLClassLoader$1::run (5 bytes)
C2 CompilerThread2     7728 9195 %     4       org.gradle.internal.instantiation.generator.AbstractClassGenerator::inspectType @ 107 (560 bytes)

VM state: not at safepoint (normal execution)

VM Mutex/Monitor currently owned by a thread: None

Heap address: 0x0000000080000000, size: 2048 MB, Compressed Oops mode: 32-bit

CDS archive(s) not mapped
Compressed class space mapped at: 0x0000000100000000-0x0000000140000000, reserved size: 1073741824
Narrow klass base: 0x0000000000000000, Narrow klass shift: 3, Narrow klass range: 0x140000000

GC Precious Log:
 CPUs: 12 total, 12 available
 Memory: 16169M
 Large Page Support: Disabled
 NUMA Support: Disabled
 Compressed Oops: Enabled (32-bit)
 Heap Region Size: 1M
 Heap Min Capacity: 8M
 Heap Initial Capacity: 254M
 Heap Max Capacity: 2G
 Pre-touch: Disabled
 Parallel Workers: 10
 Concurrent Workers: 3
 Concurrent Refinement Workers: 10
 Periodic GC: Disabled

Heap:
 garbage-first heap   total 207872K, used 100659K [0x0000000080000000, 0x0000000100000000)
  region size 1024K, 6 young (6144K), 2 survivors (2048K)
 Metaspace       used 85717K, committed 86336K, reserved 1130496K
  class space    used 11481K, committed 11776K, reserved 1048576K

Heap Regions: E=young(eden), S=young(survivor), O=old, HS=humongous(starts), HC=humongous(continues), CS=collection set, F=free, OA=open archive, CA=closed archive, TAMS=top-at-mark-start (previous, next)
|   0|0x0000000080000000, 0x0000000080100000, 0x0000000080100000|100%|HS|  |TAMS 0x0000000080100000, 0x0000000080000000| Complete 
|   1|0x0000000080100000, 0x0000000080200000, 0x0000000080200000|100%|HC|  |TAMS 0x0000000080200000, 0x0000000080100000| Complete 
|   2|0x0000000080200000, 0x0000000080300000, 0x0000000080300000|100%|HC|  |TAMS 0x0000000080300000, 0x0000000080200000| Complete 
|   3|0x0000000080300000, 0x0000000080400000, 0x0000000080400000|100%|HC|  |TAMS 0x0000000080400000, 0x0000000080300000| Complete 
|   4|0x0000000080400000, 0x0000000080500000, 0x0000000080500000|100%| O|  |TAMS 0x0000000080500000, 0x0000000080400000| Updating 
|   5|0x0000000080500000, 0x0000000080600000, 0x0000000080600000|100%| O|  |TAMS 0x0000000080600000, 0x0000000080500000| Untracked 
|   6|0x0000000080600000, 0x0000000080700000, 0x0000000080700000|100%| O|  |TAMS 0x0000000080700000, 0x0000000080600000| Untracked 
|   7|0x0000000080700000, 0x0000000080800000, 0x0000000080800000|100%| O|  |TAMS 0x0000000080800000, 0x0000000080700000| Untracked 
|   8|0x0000000080800000, 0x0000000080900000, 0x0000000080900000|100%| O|  |TAMS 0x0000000080900000, 0x0000000080800000| Untracked 
|   9|0x0000000080900000, 0x0000000080a00000, 0x0000000080a00000|100%| O|  |TAMS 0x0000000080a00000, 0x0000000080900000| Untracked 
|  10|0x0000000080a00000, 0x0000000080ae2600, 0x0000000080b00000| 88%| O|  |TAMS 0x0000000080ae2600, 0x0000000080a00000| Updating 
|  11|0x0000000080b00000, 0x0000000080c00000, 0x0000000080c00000|100%| O|  |TAMS 0x0000000080c00000, 0x0000000080b00000| Untracked 
|  12|0x0000000080c00000, 0x0000000080d00000, 0x0000000080d00000|100%| O|  |TAMS 0x0000000080d00000, 0x0000000080c00000| Untracked 
|  13|0x0000000080d00000, 0x0000000080e00000, 0x0000000080e00000|100%| O|  |TAMS 0x0000000080e00000, 0x0000000080d00000| Untracked 
|  14|0x0000000080e00000, 0x0000000080f00000, 0x0000000080f00000|100%|HS|  |TAMS 0x0000000080f00000, 0x0000000080e00000| Complete 
|  15|0x0000000080f00000, 0x0000000081000000, 0x0000000081000000|100%| O|  |TAMS 0x0000000081000000, 0x0000000080f00000| Untracked 
|  16|0x0000000081000000, 0x0000000081100000, 0x0000000081100000|100%| O|  |TAMS 0x0000000081100000, 0x0000000081000000| Untracked 
|  17|0x0000000081100000, 0x0000000081200000, 0x0000000081200000|100%| O|  |TAMS 0x0000000081200000, 0x0000000081100000| Untracked 
|  18|0x0000000081200000, 0x0000000081300000, 0x0000000081300000|100%|HS|  |TAMS 0x0000000081300000, 0x0000000081200000| Complete 
|  19|0x0000000081300000, 0x0000000081400000, 0x0000000081400000|100%|HC|  |TAMS 0x0000000081400000, 0x0000000081300000| Complete 
|  20|0x0000000081400000, 0x0000000081500000, 0x0000000081500000|100%|HS|  |TAMS 0x0000000081500000, 0x0000000081400000| Complete 
|  21|0x0000000081500000, 0x0000000081600000, 0x0000000081600000|100%|HC|  |TAMS 0x0000000081600000, 0x0000000081500000| Complete 
|  22|0x0000000081600000, 0x0000000081700000, 0x0000000081700000|100%|HC|  |TAMS 0x0000000081700000, 0x0000000081600000| Complete 
|  23|0x0000000081700000, 0x0000000081800000, 0x0000000081800000|100%| O|  |TAMS 0x0000000081800000, 0x0000000081700000| Untracked 
|  24|0x0000000081800000, 0x0000000081900000, 0x0000000081900000|100%| O|  |TAMS 0x0000000081900000, 0x0000000081800000| Updating 
|  25|0x0000000081900000, 0x0000000081a00000, 0x0000000081a00000|100%| O|  |TAMS 0x0000000081a00000, 0x0000000081900000| Untracked 
|  26|0x0000000081a00000, 0x0000000081b00000, 0x0000000081b00000|100%|HS|  |TAMS 0x0000000081b00000, 0x0000000081a00000| Complete 
|  27|0x0000000081b00000, 0x0000000081c00000, 0x0000000081c00000|100%|HC|  |TAMS 0x0000000081c00000, 0x0000000081b00000| Complete 
|  28|0x0000000081c00000, 0x0000000081d00000, 0x0000000081d00000|100%|HC|  |TAMS 0x0000000081d00000, 0x0000000081c00000| Complete 
|  29|0x0000000081d00000, 0x0000000081e00000, 0x0000000081e00000|100%| O|  |TAMS 0x0000000081e00000, 0x0000000081d00000| Updating 
|  30|0x0000000081e00000, 0x0000000081f00000, 0x0000000081f00000|100%| O|  |TAMS 0x0000000081f00000, 0x0000000081e00000| Untracked 
|  31|0x0000000081f00000, 0x0000000082000000, 0x0000000082000000|100%| O|  |TAMS 0x0000000082000000, 0x0000000081f00000| Updating 
|  32|0x0000000082000000, 0x0000000082100000, 0x0000000082100000|100%| O|  |TAMS 0x0000000082100000, 0x0000000082000000| Updating 
|  33|0x0000000082100000, 0x0000000082200000, 0x0000000082200000|100%| O|  |TAMS 0x0000000082200000, 0x0000000082100000| Updating 
|  34|0x0000000082200000, 0x0000000082300000, 0x0000000082300000|100%| O|  |TAMS 0x0000000082300000, 0x0000000082200000| Untracked 
|  35|0x0000000082300000, 0x0000000082400000, 0x0000000082400000|100%| O|  |TAMS 0x0000000082400000, 0x0000000082300000| Untracked 
|  36|0x0000000082400000, 0x0000000082500000, 0x0000000082500000|100%| O|  |TAMS 0x0000000082500000, 0x0000000082400000| Untracked 
|  37|0x0000000082500000, 0x0000000082600000, 0x0000000082600000|100%| O|  |TAMS 0x0000000082600000, 0x0000000082500000| Untracked 
|  38|0x0000000082600000, 0x0000000082700000, 0x0000000082700000|100%| O|  |TAMS 0x0000000082700000, 0x0000000082600000| Untracked 
|  39|0x0000000082700000, 0x0000000082800000, 0x0000000082800000|100%| O|  |TAMS 0x0000000082800000, 0x0000000082700000| Updating 
|  40|0x0000000082800000, 0x0000000082900000, 0x0000000082900000|100%| O|  |TAMS 0x0000000082900000, 0x0000000082800000| Untracked 
|  41|0x0000000082900000, 0x0000000082a00000, 0x0000000082a00000|100%| O|  |TAMS 0x0000000082a00000, 0x0000000082900000| Updating 
|  42|0x0000000082a00000, 0x0000000082b00000, 0x0000000082b00000|100%|HS|  |TAMS 0x0000000082b00000, 0x0000000082a00000| Complete 
|  43|0x0000000082b00000, 0x0000000082c00000, 0x0000000082c00000|100%|HC|  |TAMS 0x0000000082c00000, 0x0000000082b00000| Complete 
|  44|0x0000000082c00000, 0x0000000082d00000, 0x0000000082d00000|100%|HC|  |TAMS 0x0000000082d00000, 0x0000000082c00000| Complete 
|  45|0x0000000082d00000, 0x0000000082e00000, 0x0000000082e00000|100%|HS|  |TAMS 0x0000000082e00000, 0x0000000082d00000| Complete 
|  46|0x0000000082e00000, 0x0000000082f00000, 0x0000000082f00000|100%|HC|  |TAMS 0x0000000082f00000, 0x0000000082e00000| Complete 
|  47|0x0000000082f00000, 0x0000000083000000, 0x0000000083000000|100%|HC|  |TAMS 0x0000000083000000, 0x0000000082f00000| Complete 
|  48|0x0000000083000000, 0x0000000083100000, 0x0000000083100000|100%| O|  |TAMS 0x0000000083100000, 0x0000000083000000| Untracked 
|  49|0x0000000083100000, 0x0000000083200000, 0x0000000083200000|100%| O|  |TAMS 0x0000000083200000, 0x0000000083100000| Updating 
|  50|0x0000000083200000, 0x0000000083300000, 0x0000000083300000|100%| O|  |TAMS 0x0000000083300000, 0x0000000083200000| Untracked 
|  51|0x0000000083300000, 0x0000000083400000, 0x0000000083400000|100%| O|  |TAMS 0x0000000083400000, 0x0000000083300000| Untracked 
|  52|0x0000000083400000, 0x0000000083500000, 0x0000000083500000|100%| O|  |TAMS 0x0000000083500000, 0x0000000083400000| Untracked 
|  53|0x0000000083500000, 0x0000000083600000, 0x0000000083600000|100%| O|  |TAMS 0x0000000083600000, 0x0000000083500000| Updating 
|  54|0x0000000083600000, 0x0000000083700000, 0x0000000083700000|100%| O|  |TAMS 0x00000000836b5e00, 0x0000000083600000| Untracked 
|  55|0x0000000083700000, 0x0000000083800000, 0x0000000083800000|100%| O|  |TAMS 0x0000000083800000, 0x0000000083700000| Untracked 
|  56|0x0000000083800000, 0x0000000083900000, 0x0000000083900000|100%| O|  |TAMS 0x0000000083900000, 0x0000000083800000| Updating 
|  57|0x0000000083900000, 0x0000000083a00000, 0x0000000083a00000|100%| O|  |TAMS 0x0000000083a00000, 0x0000000083900000| Updating 
|  58|0x0000000083a00000, 0x0000000083b00000, 0x0000000083b00000|100%| O|  |TAMS 0x0000000083b00000, 0x0000000083a00000| Updating 
|  59|0x0000000083b00000, 0x0000000083c00000, 0x0000000083c00000|100%| O|  |TAMS 0x0000000083c00000, 0x0000000083b00000| Updating 
|  60|0x0000000083c00000, 0x0000000083d00000, 0x0000000083d00000|100%| O|  |TAMS 0x0000000083d00000, 0x0000000083c00000| Updating 
|  61|0x0000000083d00000, 0x0000000083e00000, 0x0000000083e00000|100%| O|  |TAMS 0x0000000083e00000, 0x0000000083d00000| Updating 
|  62|0x0000000083e00000, 0x0000000083f00000, 0x0000000083f00000|100%|HS|  |TAMS 0x0000000083f00000, 0x0000000083e00000| Complete 
|  63|0x0000000083f00000, 0x0000000084000000, 0x0000000084000000|100%|HS|  |TAMS 0x0000000084000000, 0x0000000083f00000| Complete 
|  64|0x0000000084000000, 0x0000000084100000, 0x0000000084100000|100%|HS|  |TAMS 0x0000000084100000, 0x0000000084000000| Complete 
|  65|0x0000000084100000, 0x0000000084200000, 0x0000000084200000|100%|HC|  |TAMS 0x0000000084200000, 0x0000000084100000| Complete 
|  66|0x0000000084200000, 0x0000000084300000, 0x0000000084300000|100%|HS|  |TAMS 0x0000000084300000, 0x0000000084200000| Complete 
|  67|0x0000000084300000, 0x0000000084400000, 0x0000000084400000|100%|HC|  |TAMS 0x0000000084400000, 0x0000000084300000| Complete 
|  68|0x0000000084400000, 0x0000000084500000, 0x0000000084500000|100%|HC|  |TAMS 0x0000000084500000, 0x0000000084400000| Complete 
|  69|0x0000000084500000, 0x0000000084600000, 0x0000000084600000|100%|HC|  |TAMS 0x0000000084600000, 0x0000000084500000| Complete 
|  70|0x0000000084600000, 0x0000000084700000, 0x0000000084700000|100%| O|  |TAMS 0x0000000084700000, 0x0000000084600000| Updating 
|  71|0x0000000084700000, 0x0000000084800000, 0x0000000084800000|100%| O|  |TAMS 0x0000000084800000, 0x0000000084700000| Updating 
|  72|0x0000000084800000, 0x0000000084900000, 0x0000000084900000|100%| O|  |TAMS 0x0000000084900000, 0x0000000084800000| Untracked 
|  73|0x0000000084900000, 0x0000000084a00000, 0x0000000084a00000|100%| O|  |TAMS 0x0000000084a00000, 0x0000000084900000| Updating 
|  74|0x0000000084a00000, 0x0000000084b00000, 0x0000000084b00000|100%| O|  |TAMS 0x0000000084b00000, 0x0000000084a00000| Updating 
|  75|0x0000000084b00000, 0x0000000084c00000, 0x0000000084c00000|100%| O|  |TAMS 0x0000000084c00000, 0x0000000084b00000| Updating 
|  76|0x0000000084c00000, 0x0000000084d00000, 0x0000000084d00000|100%| O|  |TAMS 0x0000000084d00000, 0x0000000084c00000| Updating 
|  77|0x0000000084d00000, 0x0000000084e00000, 0x0000000084e00000|100%| O|  |TAMS 0x0000000084e00000, 0x0000000084d00000| Untracked 
|  78|0x0000000084e00000, 0x0000000084f00000, 0x0000000084f00000|100%| O|  |TAMS 0x0000000084e00000, 0x0000000084e00000| Untracked 
|  79|0x0000000084f00000, 0x0000000085000000, 0x0000000085000000|100%| O|  |TAMS 0x0000000085000000, 0x0000000084f00000| Untracked 
|  80|0x0000000085000000, 0x0000000085100000, 0x0000000085100000|100%| O|  |TAMS 0x0000000085100000, 0x0000000085000000| Untracked 
|  81|0x0000000085100000, 0x0000000085200000, 0x0000000085200000|100%| O|  |TAMS 0x0000000085200000, 0x0000000085100000| Untracked 
|  82|0x0000000085200000, 0x0000000085300000, 0x0000000085300000|100%| O|  |TAMS 0x0000000085300000, 0x0000000085200000| Untracked 
|  83|0x0000000085300000, 0x0000000085400000, 0x0000000085400000|100%| O|  |TAMS 0x0000000085400000, 0x0000000085300000| Untracked 
|  84|0x0000000085400000, 0x0000000085500000, 0x0000000085500000|100%| O|  |TAMS 0x0000000085500000, 0x0000000085400000| Untracked 
|  85|0x0000000085500000, 0x0000000085600000, 0x0000000085600000|100%| O|  |TAMS 0x0000000085500000, 0x0000000085500000| Untracked 
|  86|0x0000000085600000, 0x0000000085700000, 0x0000000085700000|100%| O|  |TAMS 0x0000000085700000, 0x0000000085600000| Untracked 
|  87|0x0000000085700000, 0x0000000085800000, 0x0000000085800000|100%| O|  |TAMS 0x0000000085700000, 0x0000000085700000| Untracked 
|  88|0x0000000085800000, 0x0000000085900000, 0x0000000085900000|100%| O|  |TAMS 0x0000000085800000, 0x0000000085800000| Untracked 
|  89|0x0000000085900000, 0x0000000085a00000, 0x0000000085a00000|100%| O|  |TAMS 0x0000000085900000, 0x0000000085900000| Untracked 
|  90|0x0000000085a00000, 0x0000000085b00000, 0x0000000085b00000|100%| O|  |TAMS 0x0000000085a00000, 0x0000000085a00000| Untracked 
|  91|0x0000000085b00000, 0x0000000085c00000, 0x0000000085c00000|100%| O|  |TAMS 0x0000000085b00000, 0x0000000085b00000| Untracked 
|  92|0x0000000085c00000, 0x0000000085cbf600, 0x0000000085d00000| 74%| O|  |TAMS 0x0000000085c00000, 0x0000000085c00000| Updating 
|  93|0x0000000085d00000, 0x0000000085e00000, 0x0000000085e00000|100%|HS|  |TAMS 0x0000000085d00000, 0x0000000085d00000| Complete 
|  94|0x0000000085e00000, 0x0000000085e00000, 0x0000000085f00000|  0%| F|  |TAMS 0x0000000085e00000, 0x0000000085e00000| Untracked 
|  95|0x0000000085f00000, 0x0000000085f00000, 0x0000000086000000|  0%| F|  |TAMS 0x0000000085f00000, 0x0000000085f00000| Untracked 
|  96|0x0000000086000000, 0x0000000086000000, 0x0000000086100000|  0%| F|  |TAMS 0x0000000086000000, 0x0000000086000000| Untracked 
|  97|0x0000000086100000, 0x0000000086100000, 0x0000000086200000|  0%| F|  |TAMS 0x0000000086100000, 0x0000000086100000| Untracked 
|  98|0x0000000086200000, 0x0000000086200000, 0x0000000086300000|  0%| F|  |TAMS 0x0000000086200000, 0x0000000086200000| Untracked 
|  99|0x0000000086300000, 0x0000000086300000, 0x0000000086400000|  0%| F|  |TAMS 0x0000000086300000, 0x0000000086300000| Untracked 
| 100|0x0000000086400000, 0x0000000086400000, 0x0000000086500000|  0%| F|  |TAMS 0x0000000086400000, 0x0000000086400000| Untracked 
| 101|0x0000000086500000, 0x0000000086500000, 0x0000000086600000|  0%| F|  |TAMS 0x0000000086500000, 0x0000000086500000| Untracked 
| 102|0x0000000086600000, 0x0000000086600000, 0x0000000086700000|  0%| F|  |TAMS 0x0000000086600000, 0x0000000086600000| Untracked 
| 103|0x0000000086700000, 0x0000000086700000, 0x0000000086800000|  0%| F|  |TAMS 0x0000000086700000, 0x0000000086700000| Untracked 
| 104|0x0000000086800000, 0x0000000086800000, 0x0000000086900000|  0%| F|  |TAMS 0x0000000086800000, 0x0000000086800000| Untracked 
| 105|0x0000000086900000, 0x0000000086900000, 0x0000000086a00000|  0%| F|  |TAMS 0x0000000086900000, 0x0000000086900000| Untracked 
| 106|0x0000000086a00000, 0x0000000086a00000, 0x0000000086b00000|  0%| F|  |TAMS 0x0000000086a00000, 0x0000000086a00000| Untracked 
| 107|0x0000000086b00000, 0x0000000086b00000, 0x0000000086c00000|  0%| F|  |TAMS 0x0000000086b00000, 0x0000000086b00000| Untracked 
| 108|0x0000000086c00000, 0x0000000086c00000, 0x0000000086d00000|  0%| F|  |TAMS 0x0000000086c00000, 0x0000000086c00000| Untracked 
| 109|0x0000000086d00000, 0x0000000086d00000, 0x0000000086e00000|  0%| F|  |TAMS 0x0000000086d00000, 0x0000000086d00000| Untracked 
| 110|0x0000000086e00000, 0x0000000086e00000, 0x0000000086f00000|  0%| F|  |TAMS 0x0000000086e00000, 0x0000000086e00000| Untracked 
| 111|0x0000000086f00000, 0x0000000086f00000, 0x0000000087000000|  0%| F|  |TAMS 0x0000000086f00000, 0x0000000086f00000| Untracked 
| 112|0x0000000087000000, 0x0000000087000000, 0x0000000087100000|  0%| F|  |TAMS 0x0000000087000000, 0x0000000087000000| Untracked 
| 113|0x0000000087100000, 0x0000000087100000, 0x0000000087200000|  0%| F|  |TAMS 0x0000000087100000, 0x0000000087100000| Untracked 
| 114|0x0000000087200000, 0x0000000087200000, 0x0000000087300000|  0%| F|  |TAMS 0x0000000087200000, 0x0000000087200000| Untracked 
| 115|0x0000000087300000, 0x0000000087300000, 0x0000000087400000|  0%| F|  |TAMS 0x0000000087300000, 0x0000000087300000| Untracked 
| 116|0x0000000087400000, 0x0000000087400000, 0x0000000087500000|  0%| F|  |TAMS 0x0000000087400000, 0x0000000087400000| Untracked 
| 117|0x0000000087500000, 0x0000000087500000, 0x0000000087600000|  0%| F|  |TAMS 0x0000000087500000, 0x0000000087500000| Untracked 
| 118|0x0000000087600000, 0x0000000087600000, 0x0000000087700000|  0%| F|  |TAMS 0x0000000087600000, 0x0000000087600000| Untracked 
| 119|0x0000000087700000, 0x0000000087700000, 0x0000000087800000|  0%| F|  |TAMS 0x0000000087700000, 0x0000000087700000| Untracked 
| 120|0x0000000087800000, 0x0000000087800000, 0x0000000087900000|  0%| F|  |TAMS 0x0000000087800000, 0x0000000087800000| Untracked 
| 121|0x0000000087900000, 0x0000000087900000, 0x0000000087a00000|  0%| F|  |TAMS 0x0000000087900000, 0x0000000087900000| Untracked 
| 122|0x0000000087a00000, 0x0000000087a00000, 0x0000000087b00000|  0%| F|  |TAMS 0x0000000087a00000, 0x0000000087a00000| Untracked 
| 123|0x0000000087b00000, 0x0000000087b00000, 0x0000000087c00000|  0%| F|  |TAMS 0x0000000087b00000, 0x0000000087b00000| Untracked 
| 124|0x0000000087c00000, 0x0000000087c00000, 0x0000000087d00000|  0%| F|  |TAMS 0x0000000087c00000, 0x0000000087c00000| Untracked 
| 125|0x0000000087d00000, 0x0000000087d00000, 0x0000000087e00000|  0%| F|  |TAMS 0x0000000087d00000, 0x0000000087d00000| Untracked 
| 126|0x0000000087e00000, 0x0000000087e00000, 0x0000000087f00000|  0%| F|  |TAMS 0x0000000087e00000, 0x0000000087e00000| Untracked 
| 127|0x0000000087f00000, 0x0000000087f00000, 0x0000000088000000|  0%| F|  |TAMS 0x0000000087f00000, 0x0000000087f00000| Untracked 
| 128|0x0000000088000000, 0x0000000088000000, 0x0000000088100000|  0%| F|  |TAMS 0x0000000088000000, 0x0000000088000000| Untracked 
| 129|0x0000000088100000, 0x0000000088100000, 0x0000000088200000|  0%| F|  |TAMS 0x0000000088100000, 0x0000000088100000| Untracked 
| 130|0x0000000088200000, 0x0000000088200000, 0x0000000088300000|  0%| F|  |TAMS 0x0000000088200000, 0x0000000088200000| Untracked 
| 131|0x0000000088300000, 0x0000000088300000, 0x0000000088400000|  0%| F|  |TAMS 0x0000000088300000, 0x0000000088300000| Untracked 
| 132|0x0000000088400000, 0x0000000088400000, 0x0000000088500000|  0%| F|  |TAMS 0x0000000088400000, 0x0000000088400000| Untracked 
| 133|0x0000000088500000, 0x0000000088500000, 0x0000000088600000|  0%| F|  |TAMS 0x0000000088500000, 0x0000000088500000| Untracked 
| 134|0x0000000088600000, 0x0000000088600000, 0x0000000088700000|  0%| F|  |TAMS 0x0000000088600000, 0x0000000088600000| Untracked 
| 135|0x0000000088700000, 0x0000000088700000, 0x0000000088800000|  0%| F|  |TAMS 0x0000000088700000, 0x0000000088700000| Untracked 
| 136|0x0000000088800000, 0x0000000088800000, 0x0000000088900000|  0%| F|  |TAMS 0x0000000088800000, 0x0000000088800000| Untracked 
| 137|0x0000000088900000, 0x0000000088900000, 0x0000000088a00000|  0%| F|  |TAMS 0x0000000088900000, 0x0000000088900000| Untracked 
| 138|0x0000000088a00000, 0x0000000088a00000, 0x0000000088b00000|  0%| F|  |TAMS 0x0000000088a00000, 0x0000000088a00000| Untracked 
| 139|0x0000000088b00000, 0x0000000088b00000, 0x0000000088c00000|  0%| F|  |TAMS 0x0000000088b00000, 0x0000000088b00000| Untracked 
| 140|0x0000000088c00000, 0x0000000088c00000, 0x0000000088d00000|  0%| F|  |TAMS 0x0000000088c00000, 0x0000000088c00000| Untracked 
| 141|0x0000000088d00000, 0x0000000088d00000, 0x0000000088e00000|  0%| F|  |TAMS 0x0000000088d00000, 0x0000000088d00000| Untracked 
| 142|0x0000000088e00000, 0x0000000088e00000, 0x0000000088f00000|  0%| F|  |TAMS 0x0000000088e00000, 0x0000000088e00000| Untracked 
| 143|0x0000000088f00000, 0x0000000088f00000, 0x0000000089000000|  0%| F|  |TAMS 0x0000000088f00000, 0x0000000088f00000| Untracked 
| 144|0x0000000089000000, 0x0000000089000000, 0x0000000089100000|  0%| F|  |TAMS 0x0000000089000000, 0x0000000089000000| Untracked 
| 145|0x0000000089100000, 0x0000000089100000, 0x0000000089200000|  0%| F|  |TAMS 0x0000000089100000, 0x0000000089100000| Untracked 
| 146|0x0000000089200000, 0x0000000089200000, 0x0000000089300000|  0%| F|  |TAMS 0x0000000089200000, 0x0000000089200000| Untracked 
| 147|0x0000000089300000, 0x0000000089300000, 0x0000000089400000|  0%| F|  |TAMS 0x0000000089300000, 0x0000000089300000| Untracked 
| 148|0x0000000089400000, 0x0000000089400000, 0x0000000089500000|  0%| F|  |TAMS 0x0000000089400000, 0x0000000089400000| Untracked 
| 149|0x0000000089500000, 0x0000000089500000, 0x0000000089600000|  0%| F|  |TAMS 0x0000000089500000, 0x0000000089500000| Untracked 
| 150|0x0000000089600000, 0x0000000089600000, 0x0000000089700000|  0%| F|  |TAMS 0x0000000089600000, 0x0000000089600000| Untracked 
| 151|0x0000000089700000, 0x0000000089700000, 0x0000000089800000|  0%| F|  |TAMS 0x0000000089700000, 0x0000000089700000| Untracked 
| 152|0x0000000089800000, 0x0000000089800000, 0x0000000089900000|  0%| F|  |TAMS 0x0000000089800000, 0x0000000089800000| Untracked 
| 153|0x0000000089900000, 0x0000000089900000, 0x0000000089a00000|  0%| F|  |TAMS 0x0000000089900000, 0x0000000089900000| Untracked 
| 154|0x0000000089a00000, 0x0000000089a00000, 0x0000000089b00000|  0%| F|  |TAMS 0x0000000089a00000, 0x0000000089a00000| Untracked 
| 155|0x0000000089b00000, 0x0000000089b00000, 0x0000000089c00000|  0%| F|  |TAMS 0x0000000089b00000, 0x0000000089b00000| Untracked 
| 156|0x0000000089c00000, 0x0000000089c00000, 0x0000000089d00000|  0%| F|  |TAMS 0x0000000089c00000, 0x0000000089c00000| Untracked 
| 157|0x0000000089d00000, 0x0000000089d00000, 0x0000000089e00000|  0%| F|  |TAMS 0x0000000089d00000, 0x0000000089d00000| Untracked 
| 158|0x0000000089e00000, 0x0000000089e00000, 0x0000000089f00000|  0%| F|  |TAMS 0x0000000089e00000, 0x0000000089e00000| Untracked 
| 159|0x0000000089f00000, 0x0000000089f00000, 0x000000008a000000|  0%| F|  |TAMS 0x0000000089f00000, 0x0000000089f00000| Untracked 
| 160|0x000000008a000000, 0x000000008a000000, 0x000000008a100000|  0%| F|  |TAMS 0x000000008a000000, 0x000000008a000000| Untracked 
| 161|0x000000008a100000, 0x000000008a100000, 0x000000008a200000|  0%| F|  |TAMS 0x000000008a100000, 0x000000008a100000| Untracked 
| 162|0x000000008a200000, 0x000000008a200000, 0x000000008a300000|  0%| F|  |TAMS 0x000000008a200000, 0x000000008a200000| Untracked 
| 163|0x000000008a300000, 0x000000008a300000, 0x000000008a400000|  0%| F|  |TAMS 0x000000008a300000, 0x000000008a300000| Untracked 
| 164|0x000000008a400000, 0x000000008a400000, 0x000000008a500000|  0%| F|  |TAMS 0x000000008a400000, 0x000000008a400000| Untracked 
| 165|0x000000008a500000, 0x000000008a500000, 0x000000008a600000|  0%| F|  |TAMS 0x000000008a500000, 0x000000008a500000| Untracked 
| 166|0x000000008a600000, 0x000000008a600000, 0x000000008a700000|  0%| F|  |TAMS 0x000000008a600000, 0x000000008a600000| Untracked 
| 167|0x000000008a700000, 0x000000008a700000, 0x000000008a800000|  0%| F|  |TAMS 0x000000008a700000, 0x000000008a700000| Untracked 
| 168|0x000000008a800000, 0x000000008a800000, 0x000000008a900000|  0%| F|  |TAMS 0x000000008a800000, 0x000000008a800000| Untracked 
| 169|0x000000008a900000, 0x000000008a900000, 0x000000008aa00000|  0%| F|  |TAMS 0x000000008a900000, 0x000000008a900000| Untracked 
| 170|0x000000008aa00000, 0x000000008aa00000, 0x000000008ab00000|  0%| F|  |TAMS 0x000000008aa00000, 0x000000008aa00000| Untracked 
| 171|0x000000008ab00000, 0x000000008ab00000, 0x000000008ac00000|  0%| F|  |TAMS 0x000000008ab00000, 0x000000008ab00000| Untracked 
| 172|0x000000008ac00000, 0x000000008ac00000, 0x000000008ad00000|  0%| F|  |TAMS 0x000000008ac00000, 0x000000008ac00000| Untracked 
| 173|0x000000008ad00000, 0x000000008ad00000, 0x000000008ae00000|  0%| F|  |TAMS 0x000000008ad00000, 0x000000008ad00000| Untracked 
| 174|0x000000008ae00000, 0x000000008ae00000, 0x000000008af00000|  0%| F|  |TAMS 0x000000008ae00000, 0x000000008ae00000| Untracked 
| 175|0x000000008af00000, 0x000000008af00000, 0x000000008b000000|  0%| F|  |TAMS 0x000000008af00000, 0x000000008af00000| Untracked 
| 176|0x000000008b000000, 0x000000008b000000, 0x000000008b100000|  0%| F|  |TAMS 0x000000008b000000, 0x000000008b000000| Untracked 
| 177|0x000000008b100000, 0x000000008b100000, 0x000000008b200000|  0%| F|  |TAMS 0x000000008b100000, 0x000000008b100000| Untracked 
| 178|0x000000008b200000, 0x000000008b200000, 0x000000008b300000|  0%| F|  |TAMS 0x000000008b200000, 0x000000008b200000| Untracked 
| 179|0x000000008b300000, 0x000000008b300000, 0x000000008b400000|  0%| F|  |TAMS 0x000000008b300000, 0x000000008b300000| Untracked 
| 180|0x000000008b400000, 0x000000008b400000, 0x000000008b500000|  0%| F|  |TAMS 0x000000008b400000, 0x000000008b400000| Untracked 
| 181|0x000000008b500000, 0x000000008b500000, 0x000000008b600000|  0%| F|  |TAMS 0x000000008b500000, 0x000000008b500000| Untracked 
| 182|0x000000008b600000, 0x000000008b600000, 0x000000008b700000|  0%| F|  |TAMS 0x000000008b600000, 0x000000008b600000| Untracked 
| 183|0x000000008b700000, 0x000000008b700000, 0x000000008b800000|  0%| F|  |TAMS 0x000000008b700000, 0x000000008b700000| Untracked 
| 184|0x000000008b800000, 0x000000008b800000, 0x000000008b900000|  0%| F|  |TAMS 0x000000008b800000, 0x000000008b800000| Untracked 
| 185|0x000000008b900000, 0x000000008b900000, 0x000000008ba00000|  0%| F|  |TAMS 0x000000008b900000, 0x000000008b900000| Untracked 
| 186|0x000000008ba00000, 0x000000008baab3d8, 0x000000008bb00000| 66%| S|CS|TAMS 0x000000008ba00000, 0x000000008ba00000| Complete 
| 187|0x000000008bb00000, 0x000000008bc00000, 0x000000008bc00000|100%| S|CS|TAMS 0x000000008bb00000, 0x000000008bb00000| Complete 
| 188|0x000000008bc00000, 0x000000008bc00000, 0x000000008bd00000|  0%| F|  |TAMS 0x000000008bc00000, 0x000000008bc00000| Untracked 
| 189|0x000000008bd00000, 0x000000008bd00000, 0x000000008be00000|  0%| F|  |TAMS 0x000000008bd00000, 0x000000008bd00000| Untracked 
| 190|0x000000008be00000, 0x000000008be00000, 0x000000008bf00000|  0%| F|  |TAMS 0x000000008be00000, 0x000000008be00000| Untracked 
| 191|0x000000008bf00000, 0x000000008bf00000, 0x000000008c000000|  0%| F|  |TAMS 0x000000008bf00000, 0x000000008bf00000| Untracked 
| 192|0x000000008c000000, 0x000000008c000000, 0x000000008c100000|  0%| F|  |TAMS 0x000000008c000000, 0x000000008c000000| Untracked 
| 193|0x000000008c100000, 0x000000008c100000, 0x000000008c200000|  0%| F|  |TAMS 0x000000008c100000, 0x000000008c100000| Untracked 
| 206|0x000000008ce00000, 0x000000008ce00000, 0x000000008cf00000|  0%| F|  |TAMS 0x000000008ce00000, 0x000000008ce00000| Untracked 
| 207|0x000000008cf00000, 0x000000008cf00000, 0x000000008d000000|  0%| F|  |TAMS 0x000000008cf00000, 0x000000008cf00000| Untracked 
| 208|0x000000008d000000, 0x000000008d000000, 0x000000008d100000|  0%| F|  |TAMS 0x000000008d000000, 0x000000008d000000| Untracked 
| 209|0x000000008d100000, 0x000000008d100000, 0x000000008d200000|  0%| F|  |TAMS 0x000000008d100000, 0x000000008d100000| Untracked 
| 210|0x000000008d200000, 0x000000008d200000, 0x000000008d300000|  0%| F|  |TAMS 0x000000008d200000, 0x000000008d200000| Untracked 
| 211|0x000000008d300000, 0x000000008d400000, 0x000000008d400000|100%| E|  |TAMS 0x000000008d300000, 0x000000008d300000| Complete 
| 212|0x000000008d400000, 0x000000008d500000, 0x000000008d500000|100%| E|CS|TAMS 0x000000008d400000, 0x000000008d400000| Complete 
| 213|0x000000008d500000, 0x000000008d600000, 0x000000008d600000|100%| E|CS|TAMS 0x000000008d500000, 0x000000008d500000| Complete 
| 253|0x000000008fd00000, 0x000000008fe00000, 0x000000008fe00000|100%| E|CS|TAMS 0x000000008fd00000, 0x000000008fd00000| Complete 

Card table byte_map: [0x000001db33d60000,0x000001db34160000] _byte_map_base: 0x000001db33960000

Marking Bits (Prev, Next): (CMBitMap*) 0x000001db20fa5440, (CMBitMap*) 0x000001db20fa5480
 Prev Bits: [0x000001db34560000, 0x000001db36560000)
 Next Bits: [0x000001db36560000, 0x000001db38560000)

Polling page: 0x000001db1eec0000

Metaspace:

Usage:
  Non-class:     72.56 MB used.
      Class:     11.22 MB used.
       Both:     83.78 MB used.

Virtual space:
  Non-class space:       80.00 MB reserved,      72.88 MB ( 91%) committed,  10 nodes.
      Class space:        1.00 GB reserved,      11.50 MB (  1%) committed,  1 nodes.
             Both:        1.08 GB reserved,      84.38 MB (  8%) committed. 

Chunk freelists:
   Non-Class:  2.22 MB
       Class:  336.00 KB
        Both:  2.55 MB

MaxMetaspaceSize: unlimited
CompressedClassSpaceSize: 1.00 GB
Initial GC threshold: 21.00 MB
Current GC threshold: 140.44 MB
CDS: off
MetaspaceReclaimPolicy: balanced
 - commit_granule_bytes: 65536.
 - commit_granule_words: 8192.
 - virtual_space_node_default_size: 1048576.
 - enlarge_chunks_in_place: 1.
 - new_chunks_are_fully_committed: 0.
 - uncommit_free_chunks: 1.
 - use_allocation_guard: 0.
 - handle_deallocations: 1.


Internal statistics:

num_allocs_failed_limit: 3.
num_arena_births: 828.
num_arena_deaths: 4.
num_vsnodes_births: 11.
num_vsnodes_deaths: 0.
num_space_committed: 1350.
num_space_uncommitted: 0.
num_chunks_returned_to_freelist: 12.
num_chunks_taken_from_freelist: 3816.
num_chunk_merges: 3.
num_chunk_splits: 2600.
num_chunks_enlarged: 1849.
num_purges: 4.
num_inconsistent_stats: 0.

CodeHeap 'non-profiled nmethods': size=120000Kb used=4821Kb max_used=5749Kb free=115178Kb
 bounds [0x000001db2bee0000, 0x000001db2c480000, 0x000001db33410000]
CodeHeap 'profiled nmethods': size=120000Kb used=14161Kb max_used=15836Kb free=105838Kb
 bounds [0x000001db24410000, 0x000001db25390000, 0x000001db2b940000]
CodeHeap 'non-nmethods': size=5760Kb used=2388Kb max_used=2482Kb free=3372Kb
 bounds [0x000001db2b940000, 0x000001db2bbc0000, 0x000001db2bee0000]
 total_blobs=8739 nmethods=7817 adapters=834
 compilation: enabled
              stopped_count=0, restarted_count=0
 full_count=0

Compilation events (20 events):
Event: 7.669 Thread 0x000001db3bc8bfc0 nmethod 9236 0x000001db24417e90 code [0x000001db244180a0, 0x000001db24418578]
Event: 7.669 Thread 0x000001db3bc8bfc0 9237       3       org.apache.commons.io.FilenameUtils::normalizeNoEndSeparator (9 bytes)
Event: 7.669 Thread 0x000001db3bc8bfc0 nmethod 9237 0x000001db245df610 code [0x000001db245df7a0, 0x000001db245df8c8]
Event: 7.686 Thread 0x000001db3bc8bfc0 9239   !   3       sun.nio.cs.StreamDecoder::readBytes (271 bytes)
Event: 7.691 Thread 0x000001db3bc8bfc0 nmethod 9239 0x000001db24b66710 code [0x000001db24b66a20, 0x000001db24b67a08]
Event: 7.691 Thread 0x000001db3bc8bfc0 9240       3       java.nio.HeapByteBuffer::compact (85 bytes)
Event: 7.691 Thread 0x000001db3bc8bfc0 nmethod 9240 0x000001db2444c010 code [0x000001db2444c200, 0x000001db2444c828]
Event: 7.698 Thread 0x000001db3bc8bfc0 9241       1       com.google.gson.reflect.TypeToken::getRawType (5 bytes)
Event: 7.698 Thread 0x000001db3bc8bfc0 nmethod 9241 0x000001db2c0ce710 code [0x000001db2c0ce8a0, 0x000001db2c0ce978]
Event: 7.703 Thread 0x000001db3bc8bfc0 9243       3       java.util.Collections$SingletonList::get (41 bytes)
Event: 7.703 Thread 0x000001db3bc8bfc0 nmethod 9243 0x000001db24896010 code [0x000001db24896260, 0x000001db24896968]
Event: 7.703 Thread 0x000001db3bc8bfc0 9245       3       jdk.internal.reflect.ClassFileAssembler::opc_new (16 bytes)
Event: 7.704 Thread 0x000001db3bc8bfc0 nmethod 9245 0x000001db2454e190 code [0x000001db2454e3a0, 0x000001db2454e8e8]
Event: 7.704 Thread 0x000001db3bc8bfc0 9246       3       jdk.internal.reflect.ClassFileAssembler::getMaxLocals (6 bytes)
Event: 7.704 Thread 0x000001db3bc8bfc0 nmethod 9246 0x000001db245f8f90 code [0x000001db245f9120, 0x000001db245f9238]
Event: 7.704 Thread 0x000001db3bc8bfc0 9247       3       java.lang.reflect.Field::getFieldAccessor (35 bytes)
Event: 7.704 Thread 0x000001db3bc8bfc0 nmethod 9247 0x000001db245bf090 code [0x000001db245bf240, 0x000001db245bf428]
Event: 7.704 Thread 0x000001db3bc8bfc0 9249       3       com.google.gson.stream.JsonReader::nextQuotedValue (271 bytes)
Event: 7.705 Thread 0x000001db3bc8bfc0 nmethod 9249 0x000001db24978010 code [0x000001db24978380, 0x000001db249796a8]
Event: 7.705 Thread 0x000001db3bc8bfc0 9248       3       com.google.gson.stream.JsonReader::nextNonWhitespace (357 bytes)

GC Heap History (20 events):
Event: 5.704 GC heap before
{Heap before GC invocations=33 (full 0):
 garbage-first heap   total 152576K, used 111737K [0x0000000080000000, 0x0000000100000000)
  region size 1024K, 46 young (47104K), 1 survivors (1024K)
 Metaspace       used 62220K, committed 62784K, reserved 1105920K
  class space    used 8391K, committed 8640K, reserved 1048576K
}
Event: 5.708 GC heap after
{Heap after GC invocations=34 (full 0):
 garbage-first heap   total 152576K, used 73828K [0x0000000080000000, 0x0000000100000000)
  region size 1024K, 7 young (7168K), 7 survivors (7168K)
 Metaspace       used 62220K, committed 62784K, reserved 1105920K
  class space    used 8391K, committed 8640K, reserved 1048576K
}
Event: 5.718 GC heap before
{Heap before GC invocations=34 (full 0):
 garbage-first heap   total 152576K, used 77924K [0x0000000080000000, 0x0000000100000000)
  region size 1024K, 9 young (9216K), 7 survivors (7168K)
 Metaspace       used 62220K, committed 62784K, reserved 1105920K
  class space    used 8391K, committed 8640K, reserved 1048576K
}
Event: 5.721 GC heap after
{Heap after GC invocations=35 (full 0):
 garbage-first heap   total 152576K, used 79970K [0x0000000080000000, 0x0000000100000000)
  region size 1024K, 3 young (3072K), 3 survivors (3072K)
 Metaspace       used 62220K, committed 62784K, reserved 1105920K
  class space    used 8391K, committed 8640K, reserved 1048576K
}
Event: 5.941 GC heap before
{Heap before GC invocations=36 (full 0):
 garbage-first heap   total 152576K, used 104546K [0x0000000080000000, 0x0000000100000000)
  region size 1024K, 26 young (26624K), 3 survivors (3072K)
 Metaspace       used 64976K, committed 65536K, reserved 1105920K
  class space    used 8763K, committed 9024K, reserved 1048576K
}
Event: 5.943 GC heap after
{Heap after GC invocations=37 (full 0):
 garbage-first heap   total 152576K, used 81342K [0x0000000080000000, 0x0000000100000000)
  region size 1024K, 4 young (4096K), 4 survivors (4096K)
 Metaspace       used 64976K, committed 65536K, reserved 1105920K
  class space    used 8763K, committed 9024K, reserved 1048576K
}
Event: 5.980 GC heap before
{Heap before GC invocations=37 (full 0):
 garbage-first heap   total 152576K, used 84414K [0x0000000080000000, 0x0000000100000000)
  region size 1024K, 7 young (7168K), 4 survivors (4096K)
 Metaspace       used 65371K, committed 65920K, reserved 1114112K
  class space    used 8828K, committed 9088K, reserved 1048576K
}
Event: 5.983 GC heap after
{Heap after GC invocations=38 (full 0):
 garbage-first heap   total 152576K, used 81646K [0x0000000080000000, 0x0000000100000000)
  region size 1024K, 1 young (1024K), 1 survivors (1024K)
 Metaspace       used 65371K, committed 65920K, reserved 1114112K
  class space    used 8828K, committed 9088K, reserved 1048576K
}
Event: 6.279 GC heap before
{Heap before GC invocations=38 (full 0):
 garbage-first heap   total 152576K, used 107246K [0x0000000080000000, 0x0000000100000000)
  region size 1024K, 26 young (26624K), 1 survivors (1024K)
 Metaspace       used 70047K, committed 70720K, reserved 1114112K
  class space    used 9411K, committed 9728K, reserved 1048576K
}
Event: 6.281 GC heap after
{Heap after GC invocations=39 (full 0):
 garbage-first heap   total 152576K, used 82665K [0x0000000080000000, 0x0000000100000000)
  region size 1024K, 2 young (2048K), 2 survivors (2048K)
 Metaspace       used 70047K, committed 70720K, reserved 1114112K
  class space    used 9411K, committed 9728K, reserved 1048576K
}
Event: 6.490 GC heap before
{Heap before GC invocations=40 (full 0):
 garbage-first heap   total 152576K, used 116457K [0x0000000080000000, 0x0000000100000000)
  region size 1024K, 29 young (29696K), 2 survivors (2048K)
 Metaspace       used 72724K, committed 73344K, reserved 1114112K
  class space    used 9762K, committed 10048K, reserved 1048576K
}
Event: 6.493 GC heap after
{Heap after GC invocations=41 (full 0):
 garbage-first heap   total 152576K, used 85988K [0x0000000080000000, 0x0000000100000000)
  region size 1024K, 4 young (4096K), 4 survivors (4096K)
 Metaspace       used 72724K, committed 73344K, reserved 1114112K
  class space    used 9762K, committed 10048K, reserved 1048576K
}
Event: 6.520 GC heap before
{Heap before GC invocations=41 (full 0):
 garbage-first heap   total 152576K, used 89060K [0x0000000080000000, 0x0000000100000000)
  region size 1024K, 7 young (7168K), 4 survivors (4096K)
 Metaspace       used 73096K, committed 73728K, reserved 1114112K
  class space    used 9800K, committed 10112K, reserved 1048576K
}
Event: 6.523 GC heap after
{Heap after GC invocations=42 (full 0):
 garbage-first heap   total 207872K, used 86115K [0x0000000080000000, 0x0000000100000000)
  region size 1024K, 1 young (1024K), 1 survivors (1024K)
 Metaspace       used 73096K, committed 73728K, reserved 1114112K
  class space    used 9800K, committed 10112K, reserved 1048576K
}
Event: 7.054 GC heap before
{Heap before GC invocations=42 (full 0):
 garbage-first heap   total 207872K, used 140387K [0x0000000080000000, 0x0000000100000000)
  region size 1024K, 54 young (55296K), 1 survivors (1024K)
 Metaspace       used 78633K, committed 79232K, reserved 1122304K
  class space    used 10520K, committed 10816K, reserved 1048576K
}
Event: 7.057 GC heap after
{Heap after GC invocations=43 (full 0):
 garbage-first heap   total 207872K, used 89092K [0x0000000080000000, 0x0000000100000000)
  region size 1024K, 4 young (4096K), 4 survivors (4096K)
 Metaspace       used 78633K, committed 79232K, reserved 1122304K
  class space    used 10520K, committed 10816K, reserved 1048576K
}
Event: 7.538 GC heap before
{Heap before GC invocations=43 (full 0):
 garbage-first heap   total 207872K, used 149508K [0x0000000080000000, 0x0000000100000000)
  region size 1024K, 64 young (65536K), 4 survivors (4096K)
 Metaspace       used 83841K, committed 84480K, reserved 1130496K
  class space    used 11212K, committed 11520K, reserved 1048576K
}
Event: 7.543 GC heap after
{Heap after GC invocations=44 (full 0):
 garbage-first heap   total 207872K, used 94817K [0x0000000080000000, 0x0000000100000000)
  region size 1024K, 8 young (8192K), 8 survivors (8192K)
 Metaspace       used 83841K, committed 84480K, reserved 1130496K
  class space    used 11212K, committed 11520K, reserved 1048576K
}
Event: 7.686 GC heap before
{Heap before GC invocations=44 (full 0):
 garbage-first heap   total 207872K, used 109153K [0x0000000080000000, 0x0000000100000000)
  region size 1024K, 23 young (23552K), 8 survivors (8192K)
 Metaspace       used 85501K, committed 86144K, reserved 1130496K
  class space    used 11456K, committed 11776K, reserved 1048576K
}
Event: 7.691 GC heap after
{Heap after GC invocations=45 (full 0):
 garbage-first heap   total 207872K, used 96563K [0x0000000080000000, 0x0000000100000000)
  region size 1024K, 2 young (2048K), 2 survivors (2048K)
 Metaspace       used 85501K, committed 86144K, reserved 1130496K
  class space    used 11456K, committed 11776K, reserved 1048576K
}

Dll operation events (2 events):
Event: 0.007 Loaded shared library C:\Program Files\Android\Android Studio\jbr\bin\java.dll
Event: 0.286 Loaded shared library C:\Program Files\Android\Android Studio\jbr\bin\verify.dll

Deoptimization events (20 events):
Event: 7.495 Thread 0x000001db3d236df0 Uncommon trap: trap_request=0xffffffde fr.pc=0x000001db2c0c8f74 relative=0x0000000000005974
Event: 7.495 Thread 0x000001db3d236df0 Uncommon trap: reason=class_check action=maybe_recompile pc=0x000001db2c0c8f74 method=jdk.internal.loader.URLClassPath.getLoader(I)Ljdk/internal/loader/URLClassPath$Loader; @ 190 c2
Event: 7.495 Thread 0x000001db3d236df0 DEOPT PACKING pc=0x000001db2c0c8f74 sp=0x0000000938cf7ed0
Event: 7.495 Thread 0x000001db3d236df0 DEOPT UNPACKING pc=0x000001db2b9969a3 sp=0x0000000938cf7ef0 mode 2
Event: 7.495 Thread 0x000001db3d236df0 Uncommon trap: trap_request=0xffffffde fr.pc=0x000001db2c0fc94c relative=0x000000000000052c
Event: 7.495 Thread 0x000001db3d236df0 Uncommon trap: reason=class_check action=maybe_recompile pc=0x000001db2c0fc94c method=jdk.internal.loader.URLClassPath.getResource(Ljava/lang/String;Z)Ljdk/internal/loader/Resource; @ 53 c2
Event: 7.495 Thread 0x000001db3d236df0 DEOPT PACKING pc=0x000001db2c0fc94c sp=0x0000000938cf7fc0
Event: 7.495 Thread 0x000001db3d236df0 DEOPT UNPACKING pc=0x000001db2b9969a3 sp=0x0000000938cf7f80 mode 2
Event: 7.496 Thread 0x000001db3d236df0 Uncommon trap: trap_request=0xffffffde fr.pc=0x000001db2c19a590 relative=0x00000000000049d0
Event: 7.496 Thread 0x000001db3d236df0 Uncommon trap: reason=class_check action=maybe_recompile pc=0x000001db2c19a590 method=java.net.URLClassLoader.defineClass(Ljava/lang/String;Ljdk/internal/loader/Resource;)Ljava/lang/Class; @ 13 c2
Event: 7.496 Thread 0x000001db3d236df0 DEOPT PACKING pc=0x000001db2c19a590 sp=0x0000000938cf8050
Event: 7.496 Thread 0x000001db3d236df0 DEOPT UNPACKING pc=0x000001db2b9969a3 sp=0x0000000938cf7fa0 mode 2
Event: 7.496 Thread 0x000001db3d236df0 Uncommon trap: trap_request=0xffffffde fr.pc=0x000001db2c42d7e8 relative=0x0000000000001388
Event: 7.496 Thread 0x000001db3d236df0 Uncommon trap: reason=class_check action=maybe_recompile pc=0x000001db2c42d7e8 method=jdk.internal.loader.Resource.getBytes()[B @ 10 c2
Event: 7.496 Thread 0x000001db3d236df0 DEOPT PACKING pc=0x000001db2c42d7e8 sp=0x0000000938cf7ee0
Event: 7.496 Thread 0x000001db3d236df0 DEOPT UNPACKING pc=0x000001db2b9969a3 sp=0x0000000938cf7ee0 mode 2
Event: 7.497 Thread 0x000001db3d236df0 Uncommon trap: trap_request=0xffffffde fr.pc=0x000001db2c1aadbc relative=0x0000000000004a7c
Event: 7.497 Thread 0x000001db3d236df0 Uncommon trap: reason=class_check action=maybe_recompile pc=0x000001db2c1aadbc method=java.net.URLClassLoader.defineClass(Ljava/lang/String;Ljdk/internal/loader/Resource;)Ljava/lang/Class; @ 13 c2
Event: 7.497 Thread 0x000001db3d236df0 DEOPT PACKING pc=0x000001db2c1aadbc sp=0x0000000938cf7fe0
Event: 7.497 Thread 0x000001db3d236df0 DEOPT UNPACKING pc=0x000001db2b9969a3 sp=0x0000000938cf7f98 mode 2

Classes unloaded (9 events):
Event: 4.548 Thread 0x000001db3b1fec90 Unloading class 0x00000001006e8968 '_BuildScript_$_run_closure1$_closure2'
Event: 4.548 Thread 0x000001db3b1fec90 Unloading class 0x00000001006e8558 '_BuildScript_$_run_closure1'
Event: 4.548 Thread 0x000001db3b1fec90 Unloading class 0x00000001006e8000 '_BuildScript_'
Event: 5.084 Thread 0x000001db3b1fec90 Unloading class 0x00000001006f4b10 '_BuildScript_'
Event: 5.084 Thread 0x000001db3b1fec90 Unloading class 0x00000001006f4820 'RegistryProcessor'
Event: 5.084 Thread 0x000001db3b1fec90 Unloading class 0x00000001006f4410 'JetGradlePlugin$_apply_closure1$_closure2$_closure3'
Event: 5.084 Thread 0x000001db3b1fec90 Unloading class 0x00000001006f4000 'JetGradlePlugin$_apply_closure1$_closure2'
Event: 5.084 Thread 0x000001db3b1fec90 Unloading class 0x00000001006eaac0 'JetGradlePlugin$_apply_closure1'
Event: 5.084 Thread 0x000001db3b1fec90 Unloading class 0x00000001006ea800 'JetGradlePlugin'

Classes redefined (0 events):
No events

Internal exceptions (20 events):
Event: 6.910 Thread 0x000001db3d236df0 Exception <a 'java/lang/ClassNotFoundException'{0x000000008a14a6b0}: org/gradle/api/plugins/internal/DefaultBasePluginConventionCustomizer> (0x000000008a14a6b0) 
thrown [s\src\hotspot\share\classfile\systemDictionary.cpp, line 256]
Event: 6.911 Thread 0x000001db3d236df0 Exception <a 'java/lang/ClassNotFoundException'{0x000000008a173340}: org/gradle/api/plugins/internal/DefaultBasePluginConvention_DecoratedCustomizer> (0x000000008a173340) 
thrown [s\src\hotspot\share\classfile\systemDictionary.cpp, line 256]
Event: 6.915 Thread 0x000001db3d236df0 Exception <a 'java/lang/ClassNotFoundException'{0x000000008a1e3370}: org/gradle/api/plugins/internal/DefaultJavaPluginConvention_DecoratedBeanInfo> (0x000000008a1e3370) 
thrown [s\src\hotspot\share\classfile\systemDictionary.cpp, line 256]
Event: 6.916 Thread 0x000001db3d236df0 Exception <a 'java/lang/ClassNotFoundException'{0x000000008a1faac8}: org/gradle/api/plugins/internal/DefaultJavaPluginConventionBeanInfo> (0x000000008a1faac8) 
thrown [s\src\hotspot\share\classfile\systemDictionary.cpp, line 256]
Event: 6.916 Thread 0x000001db3d236df0 Exception <a 'java/lang/ClassNotFoundException'{0x000000008a012840}: org/gradle/api/plugins/JavaPluginConventionBeanInfo> (0x000000008a012840) 
thrown [s\src\hotspot\share\classfile\systemDictionary.cpp, line 256]
Event: 6.917 Thread 0x000001db3d236df0 Exception <a 'java/lang/ClassNotFoundException'{0x000000008a029888}: org/gradle/api/plugins/JavaPluginConventionCustomizer> (0x000000008a029888) 
thrown [s\src\hotspot\share\classfile\systemDictionary.cpp, line 256]
Event: 6.918 Thread 0x000001db3d236df0 Exception <a 'java/lang/ClassNotFoundException'{0x000000008a054810}: org/gradle/api/plugins/internal/DefaultJavaPluginConventionCustomizer> (0x000000008a054810) 
thrown [s\src\hotspot\share\classfile\systemDictionary.cpp, line 256]
Event: 6.919 Thread 0x000001db3d236df0 Exception <a 'java/lang/ClassNotFoundException'{0x000000008a0918d8}: org/gradle/api/plugins/internal/DefaultJavaPluginConvention_DecoratedCustomizer> (0x000000008a0918d8) 
thrown [s\src\hotspot\share\classfile\systemDictionary.cpp, line 256]
Event: 7.072 Thread 0x000001db3d236df0 Exception <a 'java/lang/ClassNotFoundException'{0x000000008d59efc0}: org/jetbrains/kotlin/gradle/targets/js/npm/DefaultNpmDependencyExtensionBeanInfo> (0x000000008d59efc0) 
thrown [s\src\hotspot\share\classfile\systemDictionary.cpp, line 256]
Event: 7.072 Thread 0x000001db3d236df0 Exception <a 'java/lang/ClassNotFoundException'{0x000000008d5aa630}: org/jetbrains/kotlin/gradle/targets/js/npm/DefaultNpmDependencyExtensionCustomizer> (0x000000008d5aa630) 
thrown [s\src\hotspot\share\classfile\systemDictionary.cpp, line 256]
Event: 7.075 Thread 0x000001db3d236df0 Exception <a 'java/lang/ClassNotFoundException'{0x000000008d416830}: org/jetbrains/kotlin/gradle/targets/js/npm/NpmDependencyExtensionKt$defaultNpmDependencyDelegate$1BeanInfo> (0x000000008d416830) 
thrown [s\src\hotspot\share\classfile\systemDictionary.cpp, line 256]
Event: 7.075 Thread 0x000001db3d236df0 Exception <a 'java/lang/ClassNotFoundException'{0x000000008d421ee8}: org/jetbrains/kotlin/gradle/targets/js/npm/NpmDependencyExtensionDelegateBeanInfo> (0x000000008d421ee8) 
thrown [s\src\hotspot\share\classfile\systemDictionary.cpp, line 256]
Event: 7.075 Thread 0x000001db3d236df0 Exception <a 'java/lang/ClassNotFoundException'{0x000000008d42d568}: org/jetbrains/kotlin/gradle/targets/js/npm/NpmDependencyExtensionDelegateCustomizer> (0x000000008d42d568) 
thrown [s\src\hotspot\share\classfile\systemDictionary.cpp, line 256]
Event: 7.076 Thread 0x000001db3d236df0 Exception <a 'java/lang/ClassNotFoundException'{0x000000008d450900}: org/jetbrains/kotlin/gradle/targets/js/npm/NpmDependencyExtensionKt$defaultNpmDependencyDelegate$1Customizer> (0x000000008d450900) 
thrown [s\src\hotspot\share\classfile\systemDictionary.cpp, line 256]
Event: 7.077 Thread 0x000001db3d236df0 Exception <a 'java/lang/ClassNotFoundException'{0x000000008d485f18}: org/jetbrains/kotlin/gradle/targets/js/npm/DefaultDevNpmDependencyExtensionBeanInfo> (0x000000008d485f18) 
thrown [s\src\hotspot\share\classfile\systemDictionary.cpp, line 256]
Event: 7.077 Thread 0x000001db3d236df0 Exception <a 'java/lang/ClassNotFoundException'{0x000000008d4915a0}: org/jetbrains/kotlin/gradle/targets/js/npm/DefaultDevNpmDependencyExtensionCustomizer> (0x000000008d4915a0) 
thrown [s\src\hotspot\share\classfile\systemDictionary.cpp, line 256]
Event: 7.078 Thread 0x000001db3d236df0 Exception <a 'java/lang/ClassNotFoundException'{0x000000008d4cb460}: org/jetbrains/kotlin/gradle/targets/js/npm/DefaultPeerNpmDependencyExtensionBeanInfo> (0x000000008d4cb460) 
thrown [s\src\hotspot\share\classfile\systemDictionary.cpp, line 256]
Event: 7.078 Thread 0x000001db3d236df0 Exception <a 'java/lang/ClassNotFoundException'{0x000000008d4d6b18}: org/jetbrains/kotlin/gradle/targets/js/npm/DefaultPeerNpmDependencyExtensionCustomizer> (0x000000008d4d6b18) 
thrown [s\src\hotspot\share\classfile\systemDictionary.cpp, line 256]
Event: 7.079 Thread 0x000001db3d236df0 Exception <a 'java/lang/ClassNotFoundException'{0x000000008d317e90}: org/jetbrains/kotlin/gradle/targets/js/npm/DefaultPeerNpmDependencyExtension$delegate$1BeanInfo> (0x000000008d317e90) 
thrown [s\src\hotspot\share\classfile\systemDictionary.cpp, line 256]
Event: 7.080 Thread 0x000001db3d236df0 Exception <a 'java/lang/ClassNotFoundException'{0x000000008d323710}: org/jetbrains/kotlin/gradle/targets/js/npm/DefaultPeerNpmDependencyExtension$delegate$1Customizer> (0x000000008d323710) 
thrown [s\src\hotspot\share\classfile\systemDictionary.cpp, line 256]

VM Operations (20 events):
Event: 6.827 Executing VM operation: ICBufferFull
Event: 6.828 Executing VM operation: ICBufferFull done
Event: 6.904 Executing VM operation: HandshakeAllThreads
Event: 6.904 Executing VM operation: HandshakeAllThreads done
Event: 7.054 Executing VM operation: G1CollectForAllocation
Event: 7.057 Executing VM operation: G1CollectForAllocation done
Event: 7.473 Executing VM operation: ICBufferFull
Event: 7.473 Executing VM operation: ICBufferFull done
Event: 7.526 Executing VM operation: HandshakeAllThreads
Event: 7.527 Executing VM operation: HandshakeAllThreads done
Event: 7.527 Executing VM operation: HandshakeAllThreads
Event: 7.527 Executing VM operation: HandshakeAllThreads done
Event: 7.538 Executing VM operation: G1CollectForAllocation
Event: 7.543 Executing VM operation: G1CollectForAllocation done
Event: 7.603 Executing VM operation: HandshakeAllThreads
Event: 7.603 Executing VM operation: HandshakeAllThreads done
Event: 7.636 Executing VM operation: HandshakeAllThreads
Event: 7.636 Executing VM operation: HandshakeAllThreads done
Event: 7.686 Executing VM operation: G1TryInitiateConcMark
Event: 7.691 Executing VM operation: G1TryInitiateConcMark done

Events (20 events):
Event: 7.646 Thread 0x000001db3bc8cfc0 flushing nmethod 0x000001db25189f90
Event: 7.646 Thread 0x000001db3bc8cfc0 flushing nmethod 0x000001db2518a710
Event: 7.646 Thread 0x000001db3bc8cfc0 flushing nmethod 0x000001db2518e410
Event: 7.646 Thread 0x000001db3bc8cfc0 flushing nmethod 0x000001db25220110
Event: 7.646 Thread 0x000001db3bc8cfc0 flushing nmethod 0x000001db252b5190
Event: 7.646 Thread 0x000001db3bc8cfc0 flushing nmethod 0x000001db252b5c10
Event: 7.646 Thread 0x000001db3bc8cfc0 flushing nmethod 0x000001db252b6310
Event: 7.646 Thread 0x000001db3bc8cfc0 flushing nmethod 0x000001db252b6a90
Event: 7.646 Thread 0x000001db3bc8cfc0 flushing nmethod 0x000001db252b6e90
Event: 7.646 Thread 0x000001db3bc8cfc0 flushing nmethod 0x000001db252b7610
Event: 7.646 Thread 0x000001db3bc8cfc0 flushing nmethod 0x000001db252b8190
Event: 7.646 Thread 0x000001db3bc8cfc0 flushing nmethod 0x000001db252bb610
Event: 7.646 Thread 0x000001db3bc8cfc0 flushing nmethod 0x000001db252c0510
Event: 7.646 Thread 0x000001db3bc8cfc0 flushing nmethod 0x000001db252c1b10
Event: 7.646 Thread 0x000001db3bc8cfc0 flushing nmethod 0x000001db252c1e90
Event: 7.646 Thread 0x000001db3bc8cfc0 flushing nmethod 0x000001db252c7890
Event: 7.646 Thread 0x000001db3bc8cfc0 flushing nmethod 0x000001db2530c890
Event: 7.646 Thread 0x000001db3bc8cfc0 flushing nmethod 0x000001db2530e110
Event: 7.647 Thread 0x000001db3bc8cfc0 flushing nmethod 0x000001db25329b90
Event: 7.647 Thread 0x000001db3bc8cfc0 flushing nmethod 0x000001db2532a610


Dynamic libraries:
0x00007ff7fae60000 - 0x00007ff7fae6a000 	C:\Program Files\Android\Android Studio\jbr\bin\java.exe
0x00007ffba4530000 - 0x00007ffba4747000 	C:\Windows\SYSTEM32\ntdll.dll
0x00007ffba3a20000 - 0x00007ffba3ae4000 	C:\Windows\System32\KERNEL32.DLL
0x00007ffba1ce0000 - 0x00007ffba2086000 	C:\Windows\System32\KERNELBASE.dll
0x00007ffba1b50000 - 0x00007ffba1c61000 	C:\Windows\System32\ucrtbase.dll
0x00007ffb73cb0000 - 0x00007ffb73cc7000 	C:\Program Files\Android\Android Studio\jbr\bin\jli.dll
0x00007ffb8af80000 - 0x00007ffb8af9b000 	C:\Program Files\Android\Android Studio\jbr\bin\VCRUNTIME140.dll
0x00007ffba3840000 - 0x00007ffba39ee000 	C:\Windows\System32\USER32.dll
0x00007ffba18a0000 - 0x00007ffba18c6000 	C:\Windows\System32\win32u.dll
0x00007ffba31e0000 - 0x00007ffba3209000 	C:\Windows\System32\GDI32.dll
0x00007ffba1a30000 - 0x00007ffba1b48000 	C:\Windows\System32\gdi32full.dll
0x00007ffb86070000 - 0x00007ffb86303000 	C:\Windows\WinSxS\amd64_microsoft.windows.common-controls_6595b64144ccf1df_6.0.22621.2506_none_270c5ae97388e100\COMCTL32.dll
0x00007ffba18d0000 - 0x00007ffba196a000 	C:\Windows\System32\msvcp_win.dll
0x00007ffba2760000 - 0x00007ffba2807000 	C:\Windows\System32\msvcrt.dll
0x00007ffba44b0000 - 0x00007ffba44e1000 	C:\Windows\System32\IMM32.DLL
0x00007ffb90110000 - 0x00007ffb9011c000 	C:\Program Files\Android\Android Studio\jbr\bin\vcruntime140_1.dll
0x00007ffb403b0000 - 0x00007ffb4043d000 	C:\Program Files\Android\Android Studio\jbr\bin\msvcp140.dll
0x00007ffb1f970000 - 0x00007ffb205de000 	C:\Program Files\Android\Android Studio\jbr\bin\server\jvm.dll
0x00007ffba2810000 - 0x00007ffba28c1000 	C:\Windows\System32\ADVAPI32.dll
0x00007ffba3c70000 - 0x00007ffba3d15000 	C:\Windows\System32\sechost.dll
0x00007ffba3d80000 - 0x00007ffba3e97000 	C:\Windows\System32\RPCRT4.dll
0x00007ffb8e0d0000 - 0x00007ffb8e104000 	C:\Windows\SYSTEM32\WINMM.dll
0x00007ffb86780000 - 0x00007ffb86789000 	C:\Windows\SYSTEM32\WSOCK32.dll
0x00007ffb980b0000 - 0x00007ffb980ba000 	C:\Windows\SYSTEM32\VERSION.dll
0x00007ffba3fa0000 - 0x00007ffba4011000 	C:\Windows\System32\WS2_32.dll
0x00007ffba0960000 - 0x00007ffba0978000 	C:\Windows\SYSTEM32\kernel.appcore.dll
0x00007ffb852e0000 - 0x00007ffb852ea000 	C:\Program Files\Android\Android Studio\jbr\bin\jimage.dll
0x00007ffb9ec20000 - 0x00007ffb9ee53000 	C:\Windows\SYSTEM32\DBGHELP.DLL
0x00007ffba34b0000 - 0x00007ffba3839000 	C:\Windows\System32\combase.dll
0x00007ffba40c0000 - 0x00007ffba4197000 	C:\Windows\System32\OLEAUT32.dll
0x00007ffb95e60000 - 0x00007ffb95e92000 	C:\Windows\SYSTEM32\dbgcore.DLL
0x00007ffba2090000 - 0x00007ffba210a000 	C:\Windows\System32\bcryptPrimitives.dll
0x00007ffb40320000 - 0x00007ffb40345000 	C:\Program Files\Android\Android Studio\jbr\bin\java.dll
0x00007ffb44d90000 - 0x00007ffb44da8000 	C:\Program Files\Android\Android Studio\jbr\bin\zip.dll
0x00007ffba28d0000 - 0x00007ffba312a000 	C:\Windows\System32\SHELL32.dll
0x00007ffb9f780000 - 0x00007ffba0076000 	C:\Windows\SYSTEM32\windows.storage.dll
0x00007ffb9f640000 - 0x00007ffb9f77e000 	C:\Windows\SYSTEM32\wintypes.dll
0x00007ffba3ea0000 - 0x00007ffba3f93000 	C:\Windows\System32\SHCORE.dll
0x00007ffba2700000 - 0x00007ffba275e000 	C:\Windows\System32\shlwapi.dll
0x00007ffba17d0000 - 0x00007ffba17f6000 	C:\Windows\SYSTEM32\profapi.dll
0x00007ffb73cf0000 - 0x00007ffb73d09000 	C:\Program Files\Android\Android Studio\jbr\bin\net.dll
0x00007ffb98720000 - 0x00007ffb98857000 	C:\Windows\SYSTEM32\WINHTTP.dll
0x00007ffba0df0000 - 0x00007ffba0e59000 	C:\Windows\system32\mswsock.dll
0x00007ffb73cd0000 - 0x00007ffb73ce6000 	C:\Program Files\Android\Android Studio\jbr\bin\nio.dll
0x00007ffb8a3a0000 - 0x00007ffb8a3b0000 	C:\Program Files\Android\Android Studio\jbr\bin\verify.dll
0x00007ffb8c590000 - 0x00007ffb8c5b7000 	C:\Users\ROG G512\.gradle\native\68d5fa5c4cc2d200863cafc0d521ce42e7d3e7ee720ec0a83991735586a16f82\windows-amd64\native-platform.dll
0x00007ffb2e8f0000 - 0x00007ffb2ea34000 	C:\Users\ROG G512\.gradle\native\e376f236ea51e6404a007f0833ffe2c6e607c4080706a723a18a27aeea778392\windows-amd64\native-platform-file-events.dll
0x00007ffb89000000 - 0x00007ffb89009000 	C:\Program Files\Android\Android Studio\jbr\bin\management.dll
0x00007ffb84a10000 - 0x00007ffb84a1b000 	C:\Program Files\Android\Android Studio\jbr\bin\management_ext.dll
0x00007ffba39f0000 - 0x00007ffba39f8000 	C:\Windows\System32\PSAPI.DLL
0x00007ffba1060000 - 0x00007ffba107b000 	C:\Windows\SYSTEM32\CRYPTSP.dll
0x00007ffba08c0000 - 0x00007ffba08f5000 	C:\Windows\system32\rsaenh.dll
0x00007ffba0f00000 - 0x00007ffba0f2c000 	C:\Windows\SYSTEM32\USERENV.dll
0x00007ffba1230000 - 0x00007ffba1258000 	C:\Windows\SYSTEM32\bcrypt.dll
0x00007ffba1080000 - 0x00007ffba108c000 	C:\Windows\SYSTEM32\CRYPTBASE.dll
0x00007ffba0350000 - 0x00007ffba037d000 	C:\Windows\SYSTEM32\IPHLPAPI.DLL
0x00007ffba4020000 - 0x00007ffba4029000 	C:\Windows\System32\NSI.dll
0x00007ffb980c0000 - 0x00007ffb980d9000 	C:\Windows\SYSTEM32\dhcpcsvc6.DLL
0x00007ffb97e60000 - 0x00007ffb97e7f000 	C:\Windows\SYSTEM32\dhcpcsvc.DLL
0x00007ffba0380000 - 0x00007ffba0479000 	C:\Windows\SYSTEM32\DNSAPI.dll
0x00007ffb90610000 - 0x00007ffb90618000 	C:\Windows\system32\wshunix.dll

dbghelp: loaded successfully - version: 4.0.5 - missing functions: none
symbol engine: initialized successfully - sym options: 0x614 - pdb path: .;C:\Program Files\Android\Android Studio\jbr\bin;C:\Windows\SYSTEM32;C:\Windows\WinSxS\amd64_microsoft.windows.common-controls_6595b64144ccf1df_6.0.22621.2506_none_270c5ae97388e100;C:\Program Files\Android\Android Studio\jbr\bin\server;C:\Users\ROG G512\.gradle\native\68d5fa5c4cc2d200863cafc0d521ce42e7d3e7ee720ec0a83991735586a16f82\windows-amd64;C:\Users\ROG G512\.gradle\native\e376f236ea51e6404a007f0833ffe2c6e607c4080706a723a18a27aeea778392\windows-amd64

VM Arguments:
jvm_args: --add-opens=java.base/java.util.concurrent.atomic=ALL-UNNAMED --add-opens=java.base/java.util=ALL-UNNAMED --add-opens=java.base/java.lang=ALL-UNNAMED --add-opens=java.base/java.lang.invoke=ALL-UNNAMED --add-opens=java.prefs/java.util.prefs=ALL-UNNAMED --add-opens=java.base/java.nio.charset=ALL-UNNAMED --add-opens=java.base/java.net=ALL-UNNAMED --add-opens=java.base/java.util.concurrent.atomic=ALL-UNNAMED -Xmx2048m -Dfile.encoding=UTF-8 -Duser.country=US -Duser.language=en -Duser.variant 
java_command: org.gradle.launcher.daemon.bootstrap.GradleDaemon 8.0
java_class_path (initial): C:\Users\ROG G512\.gradle\wrapper\dists\gradle-8.0-bin\ca5e32bp14vu59qr306oxotwh\gradle-8.0\lib\gradle-launcher-8.0.jar
Launcher Type: SUN_STANDARD

[Global flags]
     intx CICompilerCount                          = 4                                         {product} {ergonomic}
     uint ConcGCThreads                            = 3                                         {product} {ergonomic}
     uint G1ConcRefinementThreads                  = 10                                        {product} {ergonomic}
   size_t G1HeapRegionSize                         = 1048576                                   {product} {ergonomic}
    uintx GCDrainStackTargetSize                   = 64                                        {product} {ergonomic}
   size_t InitialHeapSize                          = 266338304                                 {product} {ergonomic}
   size_t MarkStackSize                            = 4194304                                   {product} {ergonomic}
   size_t MaxHeapSize                              = 2147483648                                {product} {command line}
   size_t MaxNewSize                               = 1287651328                                {product} {ergonomic}
   size_t MinHeapDeltaBytes                        = 1048576                                   {product} {ergonomic}
   size_t MinHeapSize                              = 8388608                                   {product} {ergonomic}
    uintx NonNMethodCodeHeapSize                   = 5839372                                {pd product} {ergonomic}
    uintx NonProfiledCodeHeapSize                  = 122909434                              {pd product} {ergonomic}
    uintx ProfiledCodeHeapSize                     = 122909434                              {pd product} {ergonomic}
    uintx ReservedCodeCacheSize                    = 251658240                              {pd product} {ergonomic}
     bool SegmentedCodeCache                       = true                                      {product} {ergonomic}
   size_t SoftMaxHeapSize                          = 2147483648                             {manageable} {ergonomic}
     bool UseCompressedClassPointers               = true                           {product lp64_product} {ergonomic}
     bool UseCompressedOops                        = true                           {product lp64_product} {ergonomic}
     bool UseG1GC                                  = true                                      {product} {ergonomic}
     bool UseLargePagesIndividualAllocation        = false                                  {pd product} {ergonomic}

Logging:
Log output configuration:
 #0: stdout all=warning uptime,level,tags
 #1: stderr all=off uptime,level,tags

Environment Variables:
PATH=C:\Program Files\Common Files\Oracle\Java\javapath;C:\Windows\system32;C:\Windows;C:\Windows\System32\Wbem;C:\Windows\System32\WindowsPowerShell\v1.0\;C:\Windows\System32\OpenSSH\;C:\Program Files (x86)\NVIDIA Corporation\PhysX\Common;C:\Program Files\NVIDIA Corporation\NVIDIA NvDLISR;C:\Program Files\dotnet\;C:\Program Files\Git\cmd;C:\Program Files\Java\jdk-17;C:\Program Files\nodejs\;C:\Program Files (x86)\Microsoft SQL Server\150\Tools\Binn\;C:\Program Files\Microsoft SQL Server\150\Tools\Binn\;C:\Program Files (x86)\Microsoft SQL Server\150\DTS\Binn\;C:\Program Files\Microsoft SQL Server\150\DTS\Binn\;C:\Program Files\Microsoft SQL Server\Client SDK\ODBC\170\Tools\Binn\;C:\Program Files\Azure Data Studio\bin;C:\Users\ROG G512\AppData\Local\Microsoft\WindowsApps;;C:\Users\ROG G512\AppData\Local\Programs\Microsoft VS Code\bin;C:\Users\ROG G512\AppData\Roaming\npm;C:\Program Files\Azure Data Studio\bin;C:\Users\ROG G512\.dotnet\tools
USERNAME=ROG G512
OS=Windows_NT
PROCESSOR_IDENTIFIER=Intel64 Family 6 Model 165 Stepping 2, GenuineIntel
TMP=C:\Users\ROGG51~1\AppData\Local\Temp
TEMP=C:\Users\ROGG51~1\AppData\Local\Temp


JNI global refs:
JNI global refs: 26, weak refs: 5

JNI global refs memory usage: 843, weak refs: 841


---------------  S Y S T E M  ---------------

OS:
 Windows 11 , 64 bit Build 22621 (10.0.22621.2506)
OS uptime: 1 days 10:43 hours
Hyper-V role detected

CPU: total 12 (initial active 12) (6 cores per cpu, 2 threads per core) family 6 model 165 stepping 2 microcode 0xe0, cx8, cmov, fxsr, ht, mmx, 3dnowpref, sse, sse2, sse3, ssse3, sse4.1, sse4.2, popcnt, lzcnt, tsc, tscinvbit, avx, avx2, aes, erms, clmul, bmi1, bmi2, adx, fma, vzeroupper, clflush, clflushopt, hv

Memory: 4k page, system-wide physical 16169M (3790M free)
TotalPageFile size 65321M (AvailPageFile size 5M)
current process WorkingSet (physical memory assigned to process): 457M, peak: 459M
current process commit charge ("private bytes"): 505M, peak: 507M

vm_info: OpenJDK 64-Bit Server VM (17.0.6+0-b2043.56-10027231) for windows-amd64 JRE (17.0.6+0-b2043.56-10027231), built on Apr 28 2023 00:43:19 by "androidbuild" with MS VC++ 16.10 / 16.11 (VS2019)

END.
